[27-Jun-2017 20:33:53 UTC] PHP Warning:  require_once(/home/ubuntu/workspace/work1/../config/constants.php): failed to open stream: No such file or directory in /home/ubuntu/workspace/work1/work1.php on line 8
[27-Jun-2017 20:33:53 UTC] PHP Stack trace:
[27-Jun-2017 20:33:53 UTC] PHP   1. {main}() /home/ubuntu/workspace/work1/work1.php:0
[27-Jun-2017 20:33:53 UTC] PHP Fatal error:  require_once(): Failed opening required '/home/ubuntu/workspace/work1/../config/constants.php' (include_path='.:/usr/share/php:/usr/share/pear') in /home/ubuntu/workspace/work1/work1.php on line 8
[27-Jun-2017 20:33:53 UTC] PHP Stack trace:
[27-Jun-2017 20:33:53 UTC] PHP   1. {main}() /home/ubuntu/workspace/work1/work1.php:0
[28-Jun-2017 11:36:57 UTC] PHP Warning:  require(./../api/userApi.php): failed to open stream: No such file or directory in /home/ubuntu/workspace/work1/work1.php on line 12
[28-Jun-2017 11:36:57 UTC] PHP Stack trace:
[28-Jun-2017 11:36:57 UTC] PHP   1. {main}() /home/ubuntu/workspace/work1/work1.php:0
[28-Jun-2017 11:36:57 UTC] PHP Fatal error:  require(): Failed opening required './../api/userApi.php' (include_path='.:/usr/share/php:/usr/share/pear') in /home/ubuntu/workspace/work1/work1.php on line 12
[28-Jun-2017 11:36:57 UTC] PHP Stack trace:
[28-Jun-2017 11:36:57 UTC] PHP   1. {main}() /home/ubuntu/workspace/work1/work1.php:0
[28-Jun-2017 11:37:05 UTC] PHP Warning:  require(./../api/userApi.php): failed to open stream: No such file or directory in /home/ubuntu/workspace/work1/work1.php on line 12
[28-Jun-2017 11:37:05 UTC] PHP Stack trace:
[28-Jun-2017 11:37:05 UTC] PHP   1. {main}() /home/ubuntu/workspace/work1/work1.php:0
[28-Jun-2017 11:37:05 UTC] PHP Fatal error:  require(): Failed opening required './../api/userApi.php' (include_path='.:/usr/share/php:/usr/share/pear') in /home/ubuntu/workspace/work1/work1.php on line 12
[28-Jun-2017 11:37:05 UTC] PHP Stack trace:
[28-Jun-2017 11:37:05 UTC] PHP   1. {main}() /home/ubuntu/workspace/work1/work1.php:0
[28-Jun-2017 11:37:15 UTC] PHP Warning:  include(./../api/userApi.php): failed to open stream: No such file or directory in /home/ubuntu/workspace/work1/work1.php on line 12
[28-Jun-2017 11:37:15 UTC] PHP Stack trace:
[28-Jun-2017 11:37:15 UTC] PHP   1. {main}() /home/ubuntu/workspace/work1/work1.php:0
[28-Jun-2017 11:37:15 UTC] PHP Warning:  include(): Failed opening './../api/userApi.php' for inclusion (include_path='.:/usr/share/php:/usr/share/pear') in /home/ubuntu/workspace/work1/work1.php on line 12
[28-Jun-2017 11:37:15 UTC] PHP Stack trace:
[28-Jun-2017 11:37:15 UTC] PHP   1. {main}() /home/ubuntu/workspace/work1/work1.php:0
[28-Jun-2017 11:37:45 UTC] PHP Warning:  include(/api/userApi.php): failed to open stream: No such file or directory in /home/ubuntu/workspace/work1/work1.php on line 12
[28-Jun-2017 11:37:45 UTC] PHP Stack trace:
[28-Jun-2017 11:37:45 UTC] PHP   1. {main}() /home/ubuntu/workspace/work1/work1.php:0
[28-Jun-2017 11:37:45 UTC] PHP Warning:  include(): Failed opening '/api/userApi.php' for inclusion (include_path='.:/usr/share/php:/usr/share/pear') in /home/ubuntu/workspace/work1/work1.php on line 12
[28-Jun-2017 11:37:45 UTC] PHP Stack trace:
[28-Jun-2017 11:37:45 UTC] PHP   1. {main}() /home/ubuntu/workspace/work1/work1.php:0
[28-Jun-2017 11:38:23 UTC] PHP Warning:  require_once(./../lib/userLib.php): failed to open stream: No such file or directory in /home/ubuntu/workspace/work1/api/userApi.php on line 10
[28-Jun-2017 11:38:23 UTC] PHP Stack trace:
[28-Jun-2017 11:38:23 UTC] PHP   1. {main}() /home/ubuntu/workspace/work1/work1.php:0
[28-Jun-2017 11:38:23 UTC] PHP   2. include_once() /home/ubuntu/workspace/work1/work1.php:12
[28-Jun-2017 11:38:23 UTC] PHP Fatal error:  require_once(): Failed opening required './../lib/userLib.php' (include_path='.:/usr/share/php:/usr/share/pear') in /home/ubuntu/workspace/work1/api/userApi.php on line 10
[28-Jun-2017 11:38:23 UTC] PHP Stack trace:
[28-Jun-2017 11:38:23 UTC] PHP   1. {main}() /home/ubuntu/workspace/work1/work1.php:0
[28-Jun-2017 11:38:23 UTC] PHP   2. include_once() /home/ubuntu/workspace/work1/work1.php:12
[28-Jun-2017 11:39:49 UTC] PHP Warning:  require_once(./../lib/userLib.php): failed to open stream: No such file or directory in /home/ubuntu/workspace/work1/api/userApi.php on line 10
[28-Jun-2017 11:39:49 UTC] PHP Stack trace:
[28-Jun-2017 11:39:49 UTC] PHP   1. {main}() /home/ubuntu/workspace/work1/work1.php:0
[28-Jun-2017 11:39:49 UTC] PHP   2. include_once() /home/ubuntu/workspace/work1/work1.php:12
[28-Jun-2017 11:39:49 UTC] PHP Fatal error:  require_once(): Failed opening required './../lib/userLib.php' (include_path='.:/usr/share/php:/usr/share/pear') in /home/ubuntu/workspace/work1/api/userApi.php on line 10
[28-Jun-2017 11:39:49 UTC] PHP Stack trace:
[28-Jun-2017 11:39:49 UTC] PHP   1. {main}() /home/ubuntu/workspace/work1/work1.php:0
[28-Jun-2017 11:39:49 UTC] PHP   2. include_once() /home/ubuntu/workspace/work1/work1.php:12
[28-Jun-2017 11:47:10 UTC] PHP Warning:  require_once(./../lib/userLib.php): failed to open stream: No such file or directory in /home/ubuntu/workspace/work1/api/userApi.php on line 10
[28-Jun-2017 11:47:10 UTC] PHP Stack trace:
[28-Jun-2017 11:47:10 UTC] PHP   1. {main}() /home/ubuntu/workspace/work1/work1.php:0
[28-Jun-2017 11:47:10 UTC] PHP   2. include_once() /home/ubuntu/workspace/work1/work1.php:12
[28-Jun-2017 11:47:10 UTC] PHP Fatal error:  require_once(): Failed opening required './../lib/userLib.php' (include_path='.:/usr/share/php:/usr/share/pear') in /home/ubuntu/workspace/work1/api/userApi.php on line 10
[28-Jun-2017 11:47:10 UTC] PHP Stack trace:
[28-Jun-2017 11:47:10 UTC] PHP   1. {main}() /home/ubuntu/workspace/work1/work1.php:0
[28-Jun-2017 11:47:10 UTC] PHP   2. include_once() /home/ubuntu/workspace/work1/work1.php:12
[28-Jun-2017 11:47:34 UTC] PHP Warning:  require_once(./../lib/userLib.php): failed to open stream: No such file or directory in /home/ubuntu/workspace/work1/api/userApi.php on line 10
[28-Jun-2017 11:47:34 UTC] PHP Stack trace:
[28-Jun-2017 11:47:34 UTC] PHP   1. {main}() /home/ubuntu/workspace/work1/work1.php:0
[28-Jun-2017 11:47:34 UTC] PHP   2. include_once() /home/ubuntu/workspace/work1/work1.php:12
[28-Jun-2017 11:47:34 UTC] PHP Fatal error:  require_once(): Failed opening required './../lib/userLib.php' (include_path='.:/usr/share/php:/usr/share/pear') in /home/ubuntu/workspace/work1/api/userApi.php on line 10
[28-Jun-2017 11:47:34 UTC] PHP Stack trace:
[28-Jun-2017 11:47:34 UTC] PHP   1. {main}() /home/ubuntu/workspace/work1/work1.php:0
[28-Jun-2017 11:47:34 UTC] PHP   2. include_once() /home/ubuntu/workspace/work1/work1.php:12
[28-Jun-2017 11:48:13 UTC] PHP Warning:  require_once(./../lib/userLib.php): failed to open stream: No such file or directory in /home/ubuntu/workspace/work1/api/userApi.php on line 10
[28-Jun-2017 11:48:13 UTC] PHP Stack trace:
[28-Jun-2017 11:48:13 UTC] PHP   1. {main}() /home/ubuntu/workspace/work1/work1.php:0
[28-Jun-2017 11:48:13 UTC] PHP   2. include_once() /home/ubuntu/workspace/work1/work1.php:11
[28-Jun-2017 11:48:13 UTC] PHP Fatal error:  require_once(): Failed opening required './../lib/userLib.php' (include_path='.:/usr/share/php:/usr/share/pear') in /home/ubuntu/workspace/work1/api/userApi.php on line 10
[28-Jun-2017 11:48:13 UTC] PHP Stack trace:
[28-Jun-2017 11:48:13 UTC] PHP   1. {main}() /home/ubuntu/workspace/work1/work1.php:0
[28-Jun-2017 11:48:13 UTC] PHP   2. include_once() /home/ubuntu/workspace/work1/work1.php:11
[28-Jun-2017 11:48:13 UTC] PHP Warning:  require_once(./../lib/userLib.php): failed to open stream: No such file or directory in /home/ubuntu/workspace/work1/api/userApi.php on line 10
[28-Jun-2017 11:48:13 UTC] PHP Stack trace:
[28-Jun-2017 11:48:13 UTC] PHP   1. {main}() /home/ubuntu/workspace/work1/work1.php:0
[28-Jun-2017 11:48:13 UTC] PHP   2. include_once() /home/ubuntu/workspace/work1/work1.php:11
[28-Jun-2017 11:48:13 UTC] PHP Fatal error:  require_once(): Failed opening required './../lib/userLib.php' (include_path='.:/usr/share/php:/usr/share/pear') in /home/ubuntu/workspace/work1/api/userApi.php on line 10
[28-Jun-2017 11:48:13 UTC] PHP Stack trace:
[28-Jun-2017 11:48:13 UTC] PHP   1. {main}() /home/ubuntu/workspace/work1/work1.php:0
[28-Jun-2017 11:48:13 UTC] PHP   2. include_once() /home/ubuntu/workspace/work1/work1.php:11
[28-Jun-2017 11:50:00 UTC] PHP Warning:  require_once(./../lib/userLib.php): failed to open stream: No such file or directory in /home/ubuntu/workspace/work1/api/userApi.php on line 10
[28-Jun-2017 11:50:00 UTC] PHP Stack trace:
[28-Jun-2017 11:50:00 UTC] PHP   1. {main}() /home/ubuntu/workspace/work1/work1.php:0
[28-Jun-2017 11:50:00 UTC] PHP   2. include_once() /home/ubuntu/workspace/work1/work1.php:12
[28-Jun-2017 11:50:00 UTC] PHP Fatal error:  require_once(): Failed opening required './../lib/userLib.php' (include_path='.:/usr/share/php:/usr/share/pear') in /home/ubuntu/workspace/work1/api/userApi.php on line 10
[28-Jun-2017 11:50:00 UTC] PHP Stack trace:
[28-Jun-2017 11:50:00 UTC] PHP   1. {main}() /home/ubuntu/workspace/work1/work1.php:0
[28-Jun-2017 11:50:00 UTC] PHP   2. include_once() /home/ubuntu/workspace/work1/work1.php:12
[28-Jun-2017 11:53:19 UTC] PHP Parse error:  syntax error, unexpected '<' in /home/ubuntu/workspace/work1/work1.php on line 10
[28-Jun-2017 12:00:48 UTC] PHP Warning:  require_once(./../api/userApi.php): failed to open stream: No such file or directory in /home/ubuntu/workspace/work1/work1.php on line 10
[28-Jun-2017 12:00:48 UTC] PHP Stack trace:
[28-Jun-2017 12:00:48 UTC] PHP   1. {main}() /home/ubuntu/workspace/work1/work1.php:0
[28-Jun-2017 12:00:48 UTC] PHP Fatal error:  require_once(): Failed opening required './../api/userApi.php' (include_path='.:/usr/share/php:/usr/share/pear') in /home/ubuntu/workspace/work1/work1.php on line 10
[28-Jun-2017 12:00:48 UTC] PHP Stack trace:
[28-Jun-2017 12:00:48 UTC] PHP   1. {main}() /home/ubuntu/workspace/work1/work1.php:0
[28-Jun-2017 12:01:04 UTC] PHP Warning:  require_once(/api/userApi.php): failed to open stream: No such file or directory in /home/ubuntu/workspace/work1/work1.php on line 10
[28-Jun-2017 12:01:04 UTC] PHP Stack trace:
[28-Jun-2017 12:01:04 UTC] PHP   1. {main}() /home/ubuntu/workspace/work1/work1.php:0
[28-Jun-2017 12:01:04 UTC] PHP Fatal error:  require_once(): Failed opening required '/api/userApi.php' (include_path='.:/usr/share/php:/usr/share/pear') in /home/ubuntu/workspace/work1/work1.php on line 10
[28-Jun-2017 12:01:04 UTC] PHP Stack trace:
[28-Jun-2017 12:01:04 UTC] PHP   1. {main}() /home/ubuntu/workspace/work1/work1.php:0
[28-Jun-2017 12:01:16 UTC] PHP Warning:  require_once(./../lib/userLib.php): failed to open stream: No such file or directory in /home/ubuntu/workspace/work1/api/userApi.php on line 10
[28-Jun-2017 12:01:16 UTC] PHP Stack trace:
[28-Jun-2017 12:01:16 UTC] PHP   1. {main}() /home/ubuntu/workspace/work1/work1.php:0
[28-Jun-2017 12:01:16 UTC] PHP   2. require_once() /home/ubuntu/workspace/work1/work1.php:10
[28-Jun-2017 12:01:16 UTC] PHP Fatal error:  require_once(): Failed opening required './../lib/userLib.php' (include_path='.:/usr/share/php:/usr/share/pear') in /home/ubuntu/workspace/work1/api/userApi.php on line 10
[28-Jun-2017 12:01:16 UTC] PHP Stack trace:
[28-Jun-2017 12:01:16 UTC] PHP   1. {main}() /home/ubuntu/workspace/work1/work1.php:0
[28-Jun-2017 12:01:16 UTC] PHP   2. require_once() /home/ubuntu/workspace/work1/work1.php:10
[29-Jun-2017 06:24:47 UTC] PHP Warning:  require(/home/ubuntu/workspace/work1/../lib/userLib.php): failed to open stream: No such file or directory in /home/ubuntu/workspace/work1/work1.php on line 7
[29-Jun-2017 06:24:47 UTC] PHP Stack trace:
[29-Jun-2017 06:24:47 UTC] PHP   1. {main}() /home/ubuntu/workspace/work1/work1.php:0
[29-Jun-2017 06:24:47 UTC] PHP Fatal error:  require(): Failed opening required '/home/ubuntu/workspace/work1/../lib/userLib.php' (include_path='.:/usr/share/php:/usr/share/pear') in /home/ubuntu/workspace/work1/work1.php on line 7
[29-Jun-2017 06:24:47 UTC] PHP Stack trace:
[29-Jun-2017 06:24:47 UTC] PHP   1. {main}() /home/ubuntu/workspace/work1/work1.php:0
[29-Jun-2017 06:25:07 UTC] PHP Warning:  require(/home/ubuntu/workspace/work1/../lib/userLib.php): failed to open stream: No such file or directory in /home/ubuntu/workspace/work1/work1.php on line 7
[29-Jun-2017 06:25:07 UTC] PHP Stack trace:
[29-Jun-2017 06:25:07 UTC] PHP   1. {main}() /home/ubuntu/workspace/work1/work1.php:0
[29-Jun-2017 06:25:07 UTC] PHP Fatal error:  require(): Failed opening required '/home/ubuntu/workspace/work1/../lib/userLib.php' (include_path='.:/usr/share/php:/usr/share/pear') in /home/ubuntu/workspace/work1/work1.php on line 7
[29-Jun-2017 06:25:07 UTC] PHP Stack trace:
[29-Jun-2017 06:25:07 UTC] PHP   1. {main}() /home/ubuntu/workspace/work1/work1.php:0
[29-Jun-2017 06:25:21 UTC] PHP Warning:  include_once(/home/ubuntu/workspace/work1/../lib/userLib.php): failed to open stream: No such file or directory in /home/ubuntu/workspace/work1/work1.php on line 7
[29-Jun-2017 06:25:21 UTC] PHP Stack trace:
[29-Jun-2017 06:25:21 UTC] PHP   1. {main}() /home/ubuntu/workspace/work1/work1.php:0
[29-Jun-2017 06:25:21 UTC] PHP Warning:  include_once(): Failed opening '/home/ubuntu/workspace/work1/../lib/userLib.php' for inclusion (include_path='.:/usr/share/php:/usr/share/pear') in /home/ubuntu/workspace/work1/work1.php on line 7
[29-Jun-2017 06:25:21 UTC] PHP Stack trace:
[29-Jun-2017 06:25:21 UTC] PHP   1. {main}() /home/ubuntu/workspace/work1/work1.php:0
[29-Jun-2017 06:26:01 UTC] PHP Warning:  include_once(/home/ubuntu/workspace/work1/../lib/userLib.php): failed to open stream: No such file or directory in /home/ubuntu/workspace/work1/work1.php on line 7
[29-Jun-2017 06:26:01 UTC] PHP Stack trace:
[29-Jun-2017 06:26:01 UTC] PHP   1. {main}() /home/ubuntu/workspace/work1/work1.php:0
[29-Jun-2017 06:26:01 UTC] PHP Warning:  include_once(): Failed opening '/home/ubuntu/workspace/work1/../lib/userLib.php' for inclusion (include_path='.:/usr/share/php:/usr/share/pear') in /home/ubuntu/workspace/work1/work1.php on line 7
[29-Jun-2017 06:26:01 UTC] PHP Stack trace:
[29-Jun-2017 06:26:01 UTC] PHP   1. {main}() /home/ubuntu/workspace/work1/work1.php:0
[29-Jun-2017 06:27:21 UTC] PHP Warning:  include_once(): https:// wrapper is disabled in the server configuration by allow_url_include=0 in /home/ubuntu/workspace/work1/work1.php on line 7
[29-Jun-2017 06:27:21 UTC] PHP Stack trace:
[29-Jun-2017 06:27:21 UTC] PHP   1. {main}() /home/ubuntu/workspace/work1/work1.php:0
[29-Jun-2017 06:27:21 UTC] PHP Warning:  include_once(https://bazar-ms-mihaisitaru.c9users.io/work1/lib/userLib.php): failed to open stream: no suitable wrapper could be found in /home/ubuntu/workspace/work1/work1.php on line 7
[29-Jun-2017 06:27:21 UTC] PHP Stack trace:
[29-Jun-2017 06:27:21 UTC] PHP   1. {main}() /home/ubuntu/workspace/work1/work1.php:0
[29-Jun-2017 06:27:21 UTC] PHP Warning:  include_once(): Failed opening 'https://bazar-ms-mihaisitaru.c9users.io/work1/lib/userLib.php' for inclusion (include_path='.:/usr/share/php:/usr/share/pear') in /home/ubuntu/workspace/work1/work1.php on line 7
[29-Jun-2017 06:27:21 UTC] PHP Stack trace:
[29-Jun-2017 06:27:21 UTC] PHP   1. {main}() /home/ubuntu/workspace/work1/work1.php:0
[29-Jun-2017 06:28:05 UTC] PHP Warning:  include_once(/work1/lib/userLib.php): failed to open stream: No such file or directory in /home/ubuntu/workspace/work1/work1.php on line 7
[29-Jun-2017 06:28:05 UTC] PHP Stack trace:
[29-Jun-2017 06:28:05 UTC] PHP   1. {main}() /home/ubuntu/workspace/work1/work1.php:0
[29-Jun-2017 06:28:05 UTC] PHP Warning:  include_once(): Failed opening '/work1/lib/userLib.php' for inclusion (include_path='.:/usr/share/php:/usr/share/pear') in /home/ubuntu/workspace/work1/work1.php on line 7
[29-Jun-2017 06:28:05 UTC] PHP Stack trace:
[29-Jun-2017 06:28:05 UTC] PHP   1. {main}() /home/ubuntu/workspace/work1/work1.php:0
[29-Jun-2017 06:30:27 UTC] PHP Warning:  require_once(/home/ubuntu/workspace/work1/../api/userApi.php): failed to open stream: No such file or directory in /home/ubuntu/workspace/work1/work1.php on line 3
[29-Jun-2017 06:30:27 UTC] PHP Stack trace:
[29-Jun-2017 06:30:27 UTC] PHP   1. {main}() /home/ubuntu/workspace/work1/work1.php:0
[29-Jun-2017 06:30:27 UTC] PHP Fatal error:  require_once(): Failed opening required '/home/ubuntu/workspace/work1/../api/userApi.php' (include_path='.:/usr/share/php:/usr/share/pear') in /home/ubuntu/workspace/work1/work1.php on line 3
[29-Jun-2017 06:30:27 UTC] PHP Stack trace:
[29-Jun-2017 06:30:27 UTC] PHP   1. {main}() /home/ubuntu/workspace/work1/work1.php:0
[29-Jun-2017 06:31:50 UTC] PHP Warning:  include_once(/work1/lib/userLib.php): failed to open stream: No such file or directory in /home/ubuntu/workspace/work1/work1.php on line 14
[29-Jun-2017 06:31:50 UTC] PHP Stack trace:
[29-Jun-2017 06:31:50 UTC] PHP   1. {main}() /home/ubuntu/workspace/work1/work1.php:0
[29-Jun-2017 06:31:50 UTC] PHP Warning:  include_once(): Failed opening '/work1/lib/userLib.php' for inclusion (include_path='.:/usr/share/php:/usr/share/pear') in /home/ubuntu/workspace/work1/work1.php on line 14
[29-Jun-2017 06:31:50 UTC] PHP Stack trace:
[29-Jun-2017 06:31:50 UTC] PHP   1. {main}() /home/ubuntu/workspace/work1/work1.php:0
[29-Jun-2017 17:53:22 UTC] PHP Parse error:  syntax error, unexpected 'include' (T_INCLUDE) in /home/ubuntu/workspace/work1/work1.php on line 13
[29-Jun-2017 17:53:48 UTC] PHP Parse error:  syntax error, unexpected 'include' (T_INCLUDE) in /home/ubuntu/workspace/work1/work1.php on line 13
[29-Jun-2017 17:53:56 UTC] PHP Parse error:  syntax error, unexpected 'include' (T_INCLUDE) in /home/ubuntu/workspace/work1/work1.php on line 13
[29-Jun-2017 17:54:12 UTC] PHP Parse error:  syntax error, unexpected 'include' (T_INCLUDE) in /home/ubuntu/workspace/work1/work1.php on line 13
[29-Jun-2017 17:55:23 UTC] PHP Parse error:  syntax error, unexpected 'include' (T_INCLUDE) in /home/ubuntu/workspace/work1/work1.php on line 13
[29-Jun-2017 17:55:43 UTC] PHP Parse error:  syntax error, unexpected 'require' (T_REQUIRE) in /home/ubuntu/workspace/work1/work1.php on line 12
[29-Jun-2017 17:56:27 UTC] PHP Parse error:  syntax error, unexpected 'include' (T_INCLUDE) in /home/ubuntu/workspace/work1/work1.php on line 12
[29-Jun-2017 17:57:12 UTC] PHP Parse error:  syntax error, unexpected 'include' (T_INCLUDE) in /home/ubuntu/workspace/work1/work1.php on line 12
[29-Jun-2017 17:57:40 UTC] PHP Parse error:  syntax error, unexpected 'include' (T_INCLUDE) in /home/ubuntu/workspace/work1/work1.php on line 12
[29-Jun-2017 17:59:46 UTC] PHP Parse error:  syntax error, unexpected 'include' (T_INCLUDE) in /home/ubuntu/workspace/work1/work1.php on line 12
[29-Jun-2017 18:00:24 UTC] PHP Parse error:  syntax error, unexpected 'include' (T_INCLUDE) in /home/ubuntu/workspace/work1/work1.php on line 12
[29-Jun-2017 18:01:11 UTC] PHP Parse error:  syntax error, unexpected 'include' (T_INCLUDE) in /home/ubuntu/workspace/work1/work1.php on line 12
[29-Jun-2017 18:11:15 UTC] PHP Warning:  require_once(/home/ubuntu/workspace/work1/../config/constants.php): failed to open stream: No such file or directory in /home/ubuntu/workspace/work1/work1.php on line 2
[29-Jun-2017 18:11:15 UTC] PHP Stack trace:
[29-Jun-2017 18:11:15 UTC] PHP   1. {main}() /home/ubuntu/workspace/work1/work1.php:0
[29-Jun-2017 18:11:15 UTC] PHP Fatal error:  require_once(): Failed opening required '/home/ubuntu/workspace/work1/../config/constants.php' (include_path='.:/usr/share/php:/usr/share/pear') in /home/ubuntu/workspace/work1/work1.php on line 2
[29-Jun-2017 18:11:15 UTC] PHP Stack trace:
[29-Jun-2017 18:11:15 UTC] PHP   1. {main}() /home/ubuntu/workspace/work1/work1.php:0
[29-Jun-2017 18:11:44 UTC] PHP Warning:  require_once(/config/constants.php): failed to open stream: No such file or directory in /home/ubuntu/workspace/work1/work1.php on line 2
[29-Jun-2017 18:11:44 UTC] PHP Stack trace:
[29-Jun-2017 18:11:44 UTC] PHP   1. {main}() /home/ubuntu/workspace/work1/work1.php:0
[29-Jun-2017 18:11:44 UTC] PHP Fatal error:  require_once(): Failed opening required '/config/constants.php' (include_path='.:/usr/share/php:/usr/share/pear') in /home/ubuntu/workspace/work1/work1.php on line 2
[29-Jun-2017 18:11:44 UTC] PHP Stack trace:
[29-Jun-2017 18:11:44 UTC] PHP   1. {main}() /home/ubuntu/workspace/work1/work1.php:0
[29-Jun-2017 18:12:06 UTC] PHP Warning:  require_once(/home/ubuntu/workspace/work1/../api/userApi.php): failed to open stream: No such file or directory in /home/ubuntu/workspace/work1/work1.php on line 3
[29-Jun-2017 18:12:06 UTC] PHP Stack trace:
[29-Jun-2017 18:12:06 UTC] PHP   1. {main}() /home/ubuntu/workspace/work1/work1.php:0
[29-Jun-2017 18:12:06 UTC] PHP Fatal error:  require_once(): Failed opening required '/home/ubuntu/workspace/work1/../api/userApi.php' (include_path='.:/usr/share/php:/usr/share/pear') in /home/ubuntu/workspace/work1/work1.php on line 3
[29-Jun-2017 18:12:06 UTC] PHP Stack trace:
[29-Jun-2017 18:12:06 UTC] PHP   1. {main}() /home/ubuntu/workspace/work1/work1.php:0
[29-Jun-2017 18:12:12 UTC] PHP Warning:  require_once(/home/ubuntu/workspace/work1/../api/userApi.php): failed to open stream: No such file or directory in /home/ubuntu/workspace/work1/work1.php on line 3
[29-Jun-2017 18:12:12 UTC] PHP Stack trace:
[29-Jun-2017 18:12:12 UTC] PHP   1. {main}() /home/ubuntu/workspace/work1/work1.php:0
[29-Jun-2017 18:12:12 UTC] PHP Fatal error:  require_once(): Failed opening required '/home/ubuntu/workspace/work1/../api/userApi.php' (include_path='.:/usr/share/php:/usr/share/pear') in /home/ubuntu/workspace/work1/work1.php on line 3
[29-Jun-2017 18:12:12 UTC] PHP Stack trace:
[29-Jun-2017 18:12:12 UTC] PHP   1. {main}() /home/ubuntu/workspace/work1/work1.php:0
[29-Jun-2017 18:12:42 UTC] PHP Parse error:  syntax error, unexpected '');' (T_CONSTANT_ENCAPSED_STRING) in /home/ubuntu/workspace/work1/work1.php on line 14
[29-Jun-2017 18:13:21 UTC] PHP Parse error:  syntax error, unexpected 'include' (T_INCLUDE) in /home/ubuntu/workspace/work1/work1.php on line 13
[29-Jun-2017 18:14:03 UTC] PHP Parse error:  syntax error, unexpected ')' in /home/ubuntu/workspace/work1/work1.php on line 3
[29-Jun-2017 18:20:12 UTC] PHP Warning:  include(/home/ubuntu/workspace/work1/../api/api/userApi.php): failed to open stream: No such file or directory in /home/ubuntu/workspace/work1/work1.php on line 12
[29-Jun-2017 18:20:12 UTC] PHP Stack trace:
[29-Jun-2017 18:20:12 UTC] PHP   1. {main}() /home/ubuntu/workspace/work1/work1.php:0
[29-Jun-2017 18:20:12 UTC] PHP Warning:  include(): Failed opening '/home/ubuntu/workspace/work1/../api/api/userApi.php' for inclusion (include_path='.:/usr/share/php:/usr/share/pear') in /home/ubuntu/workspace/work1/work1.php on line 12
[29-Jun-2017 18:20:12 UTC] PHP Stack trace:
[29-Jun-2017 18:20:12 UTC] PHP   1. {main}() /home/ubuntu/workspace/work1/work1.php:0
[29-Jun-2017 18:30:20 UTC] PHP Warning:  require(/home/ubuntu/workspace/work1api/userApi.php): failed to open stream: No such file or directory in /home/ubuntu/workspace/work1/work1.php on line 12
[29-Jun-2017 18:30:20 UTC] PHP Stack trace:
[29-Jun-2017 18:30:20 UTC] PHP   1. {main}() /home/ubuntu/workspace/work1/work1.php:0
[29-Jun-2017 18:30:20 UTC] PHP Fatal error:  require(): Failed opening required '/home/ubuntu/workspace/work1api/userApi.php' (include_path='.:/usr/share/php:/usr/share/pear') in /home/ubuntu/workspace/work1/work1.php on line 12
[29-Jun-2017 18:30:20 UTC] PHP Stack trace:
[29-Jun-2017 18:30:20 UTC] PHP   1. {main}() /home/ubuntu/workspace/work1/work1.php:0
[29-Jun-2017 18:30:32 UTC] PHP Warning:  include(/home/ubuntu/workspace/work1api/userApi.php): failed to open stream: No such file or directory in /home/ubuntu/workspace/work1/work1.php on line 12
[29-Jun-2017 18:30:32 UTC] PHP Stack trace:
[29-Jun-2017 18:30:32 UTC] PHP   1. {main}() /home/ubuntu/workspace/work1/work1.php:0
[29-Jun-2017 18:30:32 UTC] PHP Warning:  include(): Failed opening '/home/ubuntu/workspace/work1api/userApi.php' for inclusion (include_path='.:/usr/share/php:/usr/share/pear') in /home/ubuntu/workspace/work1/work1.php on line 12
[29-Jun-2017 18:30:32 UTC] PHP Stack trace:
[29-Jun-2017 18:30:32 UTC] PHP   1. {main}() /home/ubuntu/workspace/work1/work1.php:0
[29-Jun-2017 18:31:47 UTC] PHP Fatal error:  Function name must be a string in /home/ubuntu/workspace/work1/work1.php on line 12
[29-Jun-2017 18:31:47 UTC] PHP Stack trace:
[29-Jun-2017 18:31:47 UTC] PHP   1. {main}() /home/ubuntu/workspace/work1/work1.php:0
[29-Jun-2017 18:32:15 UTC] PHP Fatal error:  Function name must be a string in /home/ubuntu/workspace/work1/work1.php on line 12
[29-Jun-2017 18:32:15 UTC] PHP Stack trace:
[29-Jun-2017 18:32:15 UTC] PHP   1. {main}() /home/ubuntu/workspace/work1/work1.php:0
[29-Jun-2017 18:32:27 UTC] PHP Fatal error:  Function name must be a string in /home/ubuntu/workspace/work1/work1.php on line 12
[29-Jun-2017 18:32:27 UTC] PHP Stack trace:
[29-Jun-2017 18:32:27 UTC] PHP   1. {main}() /home/ubuntu/workspace/work1/work1.php:0
[29-Jun-2017 18:32:32 UTC] PHP Fatal error:  Function name must be a string in /home/ubuntu/workspace/work1/work1.php on line 12
[29-Jun-2017 18:32:32 UTC] PHP Stack trace:
[29-Jun-2017 18:32:32 UTC] PHP   1. {main}() /home/ubuntu/workspace/work1/work1.php:0
[29-Jun-2017 21:43:59 UTC] PHP Warning:  include(/work1/api/userApi.php): failed to open stream: No such file or directory in /home/ubuntu/workspace/work1/work1.php on line 12
[29-Jun-2017 21:43:59 UTC] PHP Stack trace:
[29-Jun-2017 21:43:59 UTC] PHP   1. {main}() /home/ubuntu/workspace/work1/work1.php:0
[29-Jun-2017 21:43:59 UTC] PHP Warning:  include(): Failed opening '/work1/api/userApi.php' for inclusion (include_path='.:/usr/share/php:/usr/share/pear') in /home/ubuntu/workspace/work1/work1.php on line 12
[29-Jun-2017 21:43:59 UTC] PHP Stack trace:
[29-Jun-2017 21:43:59 UTC] PHP   1. {main}() /home/ubuntu/workspace/work1/work1.php:0
[29-Jun-2017 21:44:52 UTC] PHP Warning:  include(__DIR__.'/../'._API_FOLDER.'/userApi.php): failed to open stream: No such file or directory in /home/ubuntu/workspace/work1/work1.php on line 12
[29-Jun-2017 21:44:52 UTC] PHP Stack trace:
[29-Jun-2017 21:44:52 UTC] PHP   1. {main}() /home/ubuntu/workspace/work1/work1.php:0
[29-Jun-2017 21:44:52 UTC] PHP Warning:  include(): Failed opening '__DIR__.'/../'._API_FOLDER.'/userApi.php' for inclusion (include_path='.:/usr/share/php:/usr/share/pear') in /home/ubuntu/workspace/work1/work1.php on line 12
[29-Jun-2017 21:44:52 UTC] PHP Stack trace:
[29-Jun-2017 21:44:52 UTC] PHP   1. {main}() /home/ubuntu/workspace/work1/work1.php:0
[29-Jun-2017 21:49:26 UTC] PHP Warning:  include(__DIR__.'/'._API_FOLDER.'/userApi.php): failed to open stream: No such file or directory in /home/ubuntu/workspace/work1/work1.php on line 12
[29-Jun-2017 21:49:26 UTC] PHP Stack trace:
[29-Jun-2017 21:49:26 UTC] PHP   1. {main}() /home/ubuntu/workspace/work1/work1.php:0
[29-Jun-2017 21:49:26 UTC] PHP Warning:  include(): Failed opening '__DIR__.'/'._API_FOLDER.'/userApi.php' for inclusion (include_path='.:/usr/share/php:/usr/share/pear') in /home/ubuntu/workspace/work1/work1.php on line 12
[29-Jun-2017 21:49:26 UTC] PHP Stack trace:
[29-Jun-2017 21:49:26 UTC] PHP   1. {main}() /home/ubuntu/workspace/work1/work1.php:0
[29-Jun-2017 21:56:02 UTC] PHP Warning:  include(__DIR__._API_FOLDER.'/userApi.php'): failed to open stream: No such file or directory in /home/ubuntu/workspace/work1/work1.php on line 12
[29-Jun-2017 21:56:02 UTC] PHP Stack trace:
[29-Jun-2017 21:56:02 UTC] PHP   1. {main}() /home/ubuntu/workspace/work1/work1.php:0
[29-Jun-2017 21:56:02 UTC] PHP Warning:  include(): Failed opening '__DIR__._API_FOLDER.'/userApi.php'' for inclusion (include_path='.:/usr/share/php:/usr/share/pear') in /home/ubuntu/workspace/work1/work1.php on line 12
[29-Jun-2017 21:56:02 UTC] PHP Stack trace:
[29-Jun-2017 21:56:02 UTC] PHP   1. {main}() /home/ubuntu/workspace/work1/work1.php:0
[29-Jun-2017 21:57:11 UTC] PHP Warning:  include(/home/ubuntu/workspace/work1api/userApi.php): failed to open stream: No such file or directory in /home/ubuntu/workspace/work1/work1.php on line 12
[29-Jun-2017 21:57:11 UTC] PHP Stack trace:
[29-Jun-2017 21:57:11 UTC] PHP   1. {main}() /home/ubuntu/workspace/work1/work1.php:0
[29-Jun-2017 21:57:11 UTC] PHP Warning:  include(): Failed opening '/home/ubuntu/workspace/work1api/userApi.php' for inclusion (include_path='.:/usr/share/php:/usr/share/pear') in /home/ubuntu/workspace/work1/work1.php on line 12
[29-Jun-2017 21:57:11 UTC] PHP Stack trace:
[29-Jun-2017 21:57:11 UTC] PHP   1. {main}() /home/ubuntu/workspace/work1/work1.php:0
[29-Jun-2017 22:06:17 UTC] PHP Warning:  include(/home/ubuntu/workspace/work1/../api/userApi.php): failed to open stream: No such file or directory in /home/ubuntu/workspace/work1/work1.php on line 12
[29-Jun-2017 22:06:17 UTC] PHP Stack trace:
[29-Jun-2017 22:06:17 UTC] PHP   1. {main}() /home/ubuntu/workspace/work1/work1.php:0
[29-Jun-2017 22:06:17 UTC] PHP Warning:  include(): Failed opening '/home/ubuntu/workspace/work1/../api/userApi.php' for inclusion (include_path='.:/usr/share/php:/usr/share/pear') in /home/ubuntu/workspace/work1/work1.php on line 12
[29-Jun-2017 22:06:17 UTC] PHP Stack trace:
[29-Jun-2017 22:06:17 UTC] PHP   1. {main}() /home/ubuntu/workspace/work1/work1.php:0
[29-Jun-2017 22:06:36 UTC] PHP Warning:  include(/../api/userApi.php): failed to open stream: No such file or directory in /home/ubuntu/workspace/work1/work1.php on line 12
[29-Jun-2017 22:06:36 UTC] PHP Stack trace:
[29-Jun-2017 22:06:36 UTC] PHP   1. {main}() /home/ubuntu/workspace/work1/work1.php:0
[29-Jun-2017 22:06:36 UTC] PHP Warning:  include(): Failed opening '/../api/userApi.php' for inclusion (include_path='.:/usr/share/php:/usr/share/pear') in /home/ubuntu/workspace/work1/work1.php on line 12
[29-Jun-2017 22:06:36 UTC] PHP Stack trace:
[29-Jun-2017 22:06:36 UTC] PHP   1. {main}() /home/ubuntu/workspace/work1/work1.php:0
[29-Jun-2017 22:07:04 UTC] PHP Warning:  include(/api/userApi.php): failed to open stream: No such file or directory in /home/ubuntu/workspace/work1/work1.php on line 12
[29-Jun-2017 22:07:04 UTC] PHP Stack trace:
[29-Jun-2017 22:07:04 UTC] PHP   1. {main}() /home/ubuntu/workspace/work1/work1.php:0
[29-Jun-2017 22:07:04 UTC] PHP Warning:  include(): Failed opening '/api/userApi.php' for inclusion (include_path='.:/usr/share/php:/usr/share/pear') in /home/ubuntu/workspace/work1/work1.php on line 12
[29-Jun-2017 22:07:04 UTC] PHP Stack trace:
[29-Jun-2017 22:07:04 UTC] PHP   1. {main}() /home/ubuntu/workspace/work1/work1.php:0
[29-Jun-2017 22:11:58 UTC] PHP Warning:  require_once(/home/ubuntu/workspace/work1./api/userApi.php): failed to open stream: No such file or directory in /home/ubuntu/workspace/work1/work1.php on line 12
[29-Jun-2017 22:11:58 UTC] PHP Stack trace:
[29-Jun-2017 22:11:58 UTC] PHP   1. {main}() /home/ubuntu/workspace/work1/work1.php:0
[29-Jun-2017 22:11:58 UTC] PHP Fatal error:  require_once(): Failed opening required '/home/ubuntu/workspace/work1./api/userApi.php' (include_path='.:/usr/share/php:/usr/share/pear') in /home/ubuntu/workspace/work1/work1.php on line 12
[29-Jun-2017 22:11:58 UTC] PHP Stack trace:
[29-Jun-2017 22:11:58 UTC] PHP   1. {main}() /home/ubuntu/workspace/work1/work1.php:0
[29-Jun-2017 22:12:08 UTC] PHP Warning:  require_once(/home/ubuntu/workspace/work1./api/userApi.php): failed to open stream: No such file or directory in /home/ubuntu/workspace/work1/work1.php on line 12
[29-Jun-2017 22:12:08 UTC] PHP Stack trace:
[29-Jun-2017 22:12:08 UTC] PHP   1. {main}() /home/ubuntu/workspace/work1/work1.php:0
[29-Jun-2017 22:12:08 UTC] PHP Fatal error:  require_once(): Failed opening required '/home/ubuntu/workspace/work1./api/userApi.php' (include_path='.:/usr/share/php:/usr/share/pear') in /home/ubuntu/workspace/work1/work1.php on line 12
[29-Jun-2017 22:12:08 UTC] PHP Stack trace:
[29-Jun-2017 22:12:08 UTC] PHP   1. {main}() /home/ubuntu/workspace/work1/work1.php:0
[29-Jun-2017 22:29:50 UTC] PHP Warning:  require_once(config/constants.php): failed to open stream: No such file or directory in /home/ubuntu/workspace/work2/work2.php on line 2
[29-Jun-2017 22:29:50 UTC] PHP Stack trace:
[29-Jun-2017 22:29:50 UTC] PHP   1. {main}() /home/ubuntu/workspace/work2/work2.php:0
[29-Jun-2017 22:29:50 UTC] PHP Fatal error:  require_once(): Failed opening required 'config/constants.php' (include_path='.:/usr/share/php:/usr/share/pear') in /home/ubuntu/workspace/work2/work2.php on line 2
[29-Jun-2017 22:29:50 UTC] PHP Stack trace:
[29-Jun-2017 22:29:50 UTC] PHP   1. {main}() /home/ubuntu/workspace/work2/work2.php:0
[29-Jun-2017 22:30:00 UTC] PHP Warning:  require_once(config/constants.php): failed to open stream: No such file or directory in /home/ubuntu/workspace/work2/work2.php on line 2
[29-Jun-2017 22:30:00 UTC] PHP Stack trace:
[29-Jun-2017 22:30:00 UTC] PHP   1. {main}() /home/ubuntu/workspace/work2/work2.php:0
[29-Jun-2017 22:30:00 UTC] PHP Fatal error:  require_once(): Failed opening required 'config/constants.php' (include_path='.:/usr/share/php:/usr/share/pear') in /home/ubuntu/workspace/work2/work2.php on line 2
[29-Jun-2017 22:30:00 UTC] PHP Stack trace:
[29-Jun-2017 22:30:00 UTC] PHP   1. {main}() /home/ubuntu/workspace/work2/work2.php:0
[29-Jun-2017 22:30:59 UTC] PHP Warning:  require_once(config/constants.php): failed to open stream: No such file or directory in /home/ubuntu/workspace/work2/work2.php on line 2
[29-Jun-2017 22:30:59 UTC] PHP Stack trace:
[29-Jun-2017 22:30:59 UTC] PHP   1. {main}() /home/ubuntu/workspace/work2/work2.php:0
[29-Jun-2017 22:30:59 UTC] PHP Fatal error:  require_once(): Failed opening required 'config/constants.php' (include_path='.:/usr/share/php:/usr/share/pear') in /home/ubuntu/workspace/work2/work2.php on line 2
[29-Jun-2017 22:30:59 UTC] PHP Stack trace:
[29-Jun-2017 22:30:59 UTC] PHP   1. {main}() /home/ubuntu/workspace/work2/work2.php:0
[29-Jun-2017 22:31:37 UTC] PHP Warning:  require_once(config/constants.php): failed to open stream: No such file or directory in /home/ubuntu/workspace/work2/work2.php on line 2
[29-Jun-2017 22:31:37 UTC] PHP Stack trace:
[29-Jun-2017 22:31:37 UTC] PHP   1. {main}() /home/ubuntu/workspace/work2/work2.php:0
[29-Jun-2017 22:31:37 UTC] PHP Fatal error:  require_once(): Failed opening required 'config/constants.php' (include_path='.:/usr/share/php:/usr/share/pear') in /home/ubuntu/workspace/work2/work2.php on line 2
[29-Jun-2017 22:31:37 UTC] PHP Stack trace:
[29-Jun-2017 22:31:37 UTC] PHP   1. {main}() /home/ubuntu/workspace/work2/work2.php:0
[29-Jun-2017 22:32:52 UTC] PHP Warning:  require_once(config/constants.php): failed to open stream: No such file or directory in /home/ubuntu/workspace/work2/work2.php on line 2
[29-Jun-2017 22:32:52 UTC] PHP Stack trace:
[29-Jun-2017 22:32:52 UTC] PHP   1. {main}() /home/ubuntu/workspace/work2/work2.php:0
[29-Jun-2017 22:32:52 UTC] PHP Fatal error:  require_once(): Failed opening required 'config/constants.php' (include_path='.:/usr/share/php:/usr/share/pear') in /home/ubuntu/workspace/work2/work2.php on line 2
[29-Jun-2017 22:32:52 UTC] PHP Stack trace:
[29-Jun-2017 22:32:52 UTC] PHP   1. {main}() /home/ubuntu/workspace/work2/work2.php:0
[29-Jun-2017 22:32:57 UTC] PHP Warning:  require_once(config/constants.php): failed to open stream: No such file or directory in /home/ubuntu/workspace/work2/work2.php on line 2
[29-Jun-2017 22:32:57 UTC] PHP Stack trace:
[29-Jun-2017 22:32:57 UTC] PHP   1. {main}() /home/ubuntu/workspace/work2/work2.php:0
[29-Jun-2017 22:32:57 UTC] PHP Fatal error:  require_once(): Failed opening required 'config/constants.php' (include_path='.:/usr/share/php:/usr/share/pear') in /home/ubuntu/workspace/work2/work2.php on line 2
[29-Jun-2017 22:32:57 UTC] PHP Stack trace:
[29-Jun-2017 22:32:57 UTC] PHP   1. {main}() /home/ubuntu/workspace/work2/work2.php:0
[30-Jun-2017 07:59:55 UTC] PHP Fatal error:  Call to undefined function returnUserDetails() in /home/ubuntu/workspace/work2/lib/userLib.php on line 22
[30-Jun-2017 07:59:55 UTC] PHP Stack trace:
[30-Jun-2017 07:59:55 UTC] PHP   1. {main}() /home/ubuntu/workspace/work2/work2.php:0
[30-Jun-2017 07:59:55 UTC] PHP   2. require_once() /home/ubuntu/workspace/work2/work2.php:3
[30-Jun-2017 07:59:55 UTC] PHP   3. loginUser() /home/ubuntu/workspace/work2/api/userApi.php:9
[30-Jun-2017 08:00:16 UTC] PHP Fatal error:  Call to undefined function returnUserDetails() in /home/ubuntu/workspace/work2/api/userApi.php on line 10
[30-Jun-2017 08:00:16 UTC] PHP Stack trace:
[30-Jun-2017 08:00:16 UTC] PHP   1. {main}() /home/ubuntu/workspace/work2/work2.php:0
[30-Jun-2017 08:00:16 UTC] PHP   2. require_once() /home/ubuntu/workspace/work2/work2.php:3
[30-Jun-2017 08:00:18 UTC] PHP Fatal error:  Call to undefined function returnUserDetails() in /home/ubuntu/workspace/work2/lib/userLib.php on line 22
[30-Jun-2017 08:00:18 UTC] PHP Stack trace:
[30-Jun-2017 08:00:18 UTC] PHP   1. {main}() /home/ubuntu/workspace/work2/work2.php:0
[30-Jun-2017 08:00:18 UTC] PHP   2. require_once() /home/ubuntu/workspace/work2/work2.php:3
[30-Jun-2017 08:00:18 UTC] PHP   3. loginUser() /home/ubuntu/workspace/work2/api/userApi.php:9
[30-Jun-2017 10:36:49 UTC] PHP Parse error:  syntax error, unexpected end of file in /home/ubuntu/workspace/work2/lib/userLib.php on line 57
[30-Jun-2017 10:36:49 UTC] PHP Stack trace:
[30-Jun-2017 10:36:49 UTC] PHP   1. {main}() /home/ubuntu/workspace/work2/work2.php:0
[30-Jun-2017 10:36:49 UTC] PHP   2. require_once() /home/ubuntu/workspace/work2/work2.php:3
[02-Jul-2017 11:40:18 UTC] PHP Fatal error:  Call to undefined function returnHeader() in /home/ubuntu/workspace/work2/api/userApi.php on line 7
[02-Jul-2017 11:40:18 UTC] PHP Stack trace:
[02-Jul-2017 11:40:18 UTC] PHP   1. {main}() /home/ubuntu/workspace/work2/work2.php:0
[02-Jul-2017 11:40:18 UTC] PHP   2. require_once() /home/ubuntu/workspace/work2/work2.php:3
[02-Jul-2017 11:40:33 UTC] PHP Fatal error:  Call to undefined function returnHeader() in /home/ubuntu/workspace/work2/api/userApi.php on line 7
[02-Jul-2017 11:40:33 UTC] PHP Stack trace:
[02-Jul-2017 11:40:33 UTC] PHP   1. {main}() /home/ubuntu/workspace/work2/work2.php:0
[02-Jul-2017 11:40:33 UTC] PHP   2. require_once() /home/ubuntu/workspace/work2/work2.php:3
[02-Jul-2017 11:40:55 UTC] PHP Notice:  Undefined index: apiMethod in /home/ubuntu/workspace/work2/api/userApi.php on line 11
[02-Jul-2017 11:40:55 UTC] PHP Stack trace:
[02-Jul-2017 11:40:55 UTC] PHP   1. {main}() /home/ubuntu/workspace/work2/work2.php:0
[02-Jul-2017 11:40:55 UTC] PHP   2. require_once() /home/ubuntu/workspace/work2/work2.php:3
[02-Jul-2017 11:41:11 UTC] PHP Notice:  Undefined index: apiMethod in /home/ubuntu/workspace/work2/api/userApi.php on line 11
[02-Jul-2017 11:41:11 UTC] PHP Stack trace:
[02-Jul-2017 11:41:11 UTC] PHP   1. {main}() /home/ubuntu/workspace/work2/work2.php:0
[02-Jul-2017 11:41:11 UTC] PHP   2. require_once() /home/ubuntu/workspace/work2/work2.php:5
[02-Jul-2017 11:42:00 UTC] PHP Notice:  Undefined index: apiMethod in /home/ubuntu/workspace/work2/api/userApi.php on line 11
[02-Jul-2017 11:42:00 UTC] PHP Stack trace:
[02-Jul-2017 11:42:00 UTC] PHP   1. {main}() /home/ubuntu/workspace/work2/work2.php:0
[02-Jul-2017 11:42:00 UTC] PHP   2. require_once() /home/ubuntu/workspace/work2/work2.php:4
[02-Jul-2017 11:44:04 UTC] PHP Notice:  Undefined index: apiMethod in /home/ubuntu/workspace/work2/api/userApi.php on line 11
[02-Jul-2017 11:44:04 UTC] PHP Stack trace:
[02-Jul-2017 11:44:04 UTC] PHP   1. {main}() /home/ubuntu/workspace/work2/work2.php:0
[02-Jul-2017 11:44:04 UTC] PHP   2. require_once() /home/ubuntu/workspace/work2/work2.php:4
[02-Jul-2017 11:44:04 UTC] PHP Notice:  Undefined index: apiMethod in /home/ubuntu/workspace/work2/api/userApi.php on line 11
[02-Jul-2017 11:44:04 UTC] PHP Stack trace:
[02-Jul-2017 11:44:04 UTC] PHP   1. {main}() /home/ubuntu/workspace/work2/work2.php:0
[02-Jul-2017 11:44:04 UTC] PHP   2. require_once() /home/ubuntu/workspace/work2/work2.php:4
[02-Jul-2017 11:45:46 UTC] PHP Notice:  Undefined index: apiMethod in /home/ubuntu/workspace/work2/api/userApi.php on line 11
[02-Jul-2017 11:45:46 UTC] PHP Stack trace:
[02-Jul-2017 11:45:46 UTC] PHP   1. {main}() /home/ubuntu/workspace/work2/work2.php:0
[02-Jul-2017 11:45:46 UTC] PHP   2. require_once() /home/ubuntu/workspace/work2/work2.php:4
[02-Jul-2017 11:48:01 UTC] PHP Fatal error:  Call to undefined function returnHeader() in /home/ubuntu/workspace/work2/api/userApi.php on line 7
[02-Jul-2017 11:48:01 UTC] PHP Stack trace:
[02-Jul-2017 11:48:01 UTC] PHP   1. {main}() /home/ubuntu/workspace/work2/work2.php:0
[02-Jul-2017 11:48:01 UTC] PHP   2. require_once() /home/ubuntu/workspace/work2/work2.php:3
[02-Jul-2017 11:48:16 UTC] PHP Fatal error:  Call to undefined function returnHeader() in /home/ubuntu/workspace/work2/api/userApi.php on line 7
[02-Jul-2017 11:48:16 UTC] PHP Stack trace:
[02-Jul-2017 11:48:16 UTC] PHP   1. {main}() /home/ubuntu/workspace/work2/work2.php:0
[02-Jul-2017 11:48:16 UTC] PHP   2. require_once() /home/ubuntu/workspace/work2/work2.php:3
[02-Jul-2017 12:39:07 UTC] PHP Parse error:  syntax error, unexpected 'require_once' (T_REQUIRE_ONCE) in /home/ubuntu/workspace/work1/work1.php on line 20
[02-Jul-2017 12:39:20 UTC] PHP Parse error:  syntax error, unexpected 'include' (T_INCLUDE) in /home/ubuntu/workspace/work1/work1.php on line 20
[02-Jul-2017 12:39:48 UTC] PHP Parse error:  syntax error, unexpected 'include' (T_INCLUDE) in /home/ubuntu/workspace/work1/work1.php on line 20
[02-Jul-2017 12:39:56 UTC] PHP Parse error:  syntax error, unexpected 'include_once' (T_INCLUDE_ONCE) in /home/ubuntu/workspace/work1/work1.php on line 20
[02-Jul-2017 12:40:07 UTC] PHP Warning:  include_once(/work1/api/userApi.php): failed to open stream: No such file or directory in /home/ubuntu/workspace/work1/work1.php on line 20
[02-Jul-2017 12:40:07 UTC] PHP Stack trace:
[02-Jul-2017 12:40:07 UTC] PHP   1. {main}() /home/ubuntu/workspace/work1/work1.php:0
[02-Jul-2017 12:40:07 UTC] PHP Warning:  include_once(): Failed opening '/work1/api/userApi.php' for inclusion (include_path='.:/usr/share/php:/usr/share/pear') in /home/ubuntu/workspace/work1/work1.php on line 20
[02-Jul-2017 12:40:07 UTC] PHP Stack trace:
[02-Jul-2017 12:40:07 UTC] PHP   1. {main}() /home/ubuntu/workspace/work1/work1.php:0
[02-Jul-2017 12:40:15 UTC] PHP Warning:  require_once(/work1/api/userApi.php): failed to open stream: No such file or directory in /home/ubuntu/workspace/work1/work1.php on line 20
[02-Jul-2017 12:40:15 UTC] PHP Stack trace:
[02-Jul-2017 12:40:15 UTC] PHP   1. {main}() /home/ubuntu/workspace/work1/work1.php:0
[02-Jul-2017 12:40:15 UTC] PHP Fatal error:  require_once(): Failed opening required '/work1/api/userApi.php' (include_path='.:/usr/share/php:/usr/share/pear') in /home/ubuntu/workspace/work1/work1.php on line 20
[02-Jul-2017 12:40:15 UTC] PHP Stack trace:
[02-Jul-2017 12:40:15 UTC] PHP   1. {main}() /home/ubuntu/workspace/work1/work1.php:0
[02-Jul-2017 12:40:23 UTC] PHP Warning:  include(/work1/api/userApi.php): failed to open stream: No such file or directory in /home/ubuntu/workspace/work1/work1.php on line 20
[02-Jul-2017 12:40:23 UTC] PHP Stack trace:
[02-Jul-2017 12:40:23 UTC] PHP   1. {main}() /home/ubuntu/workspace/work1/work1.php:0
[02-Jul-2017 12:40:23 UTC] PHP Warning:  include(): Failed opening '/work1/api/userApi.php' for inclusion (include_path='.:/usr/share/php:/usr/share/pear') in /home/ubuntu/workspace/work1/work1.php on line 20
[02-Jul-2017 12:40:23 UTC] PHP Stack trace:
[02-Jul-2017 12:40:23 UTC] PHP   1. {main}() /home/ubuntu/workspace/work1/work1.php:0
[02-Jul-2017 12:40:49 UTC] PHP Warning:  include(/work1/api/userApi.php): failed to open stream: No such file or directory in /home/ubuntu/workspace/work1/work1.php on line 20
[02-Jul-2017 12:40:49 UTC] PHP Stack trace:
[02-Jul-2017 12:40:49 UTC] PHP   1. {main}() /home/ubuntu/workspace/work1/work1.php:0
[02-Jul-2017 12:40:49 UTC] PHP Warning:  include(): Failed opening '/work1/api/userApi.php' for inclusion (include_path='.:/usr/share/php:/usr/share/pear') in /home/ubuntu/workspace/work1/work1.php on line 20
[02-Jul-2017 12:40:49 UTC] PHP Stack trace:
[02-Jul-2017 12:40:49 UTC] PHP   1. {main}() /home/ubuntu/workspace/work1/work1.php:0
[02-Jul-2017 12:40:57 UTC] PHP Warning:  require(/work1/api/userApi.php): failed to open stream: No such file or directory in /home/ubuntu/workspace/work1/work1.php on line 20
[02-Jul-2017 12:40:57 UTC] PHP Stack trace:
[02-Jul-2017 12:40:57 UTC] PHP   1. {main}() /home/ubuntu/workspace/work1/work1.php:0
[02-Jul-2017 12:40:57 UTC] PHP Fatal error:  require(): Failed opening required '/work1/api/userApi.php' (include_path='.:/usr/share/php:/usr/share/pear') in /home/ubuntu/workspace/work1/work1.php on line 20
[02-Jul-2017 12:40:57 UTC] PHP Stack trace:
[02-Jul-2017 12:40:57 UTC] PHP   1. {main}() /home/ubuntu/workspace/work1/work1.php:0
[02-Jul-2017 12:41:04 UTC] PHP Warning:  require_once(/work1/api/userApi.php): failed to open stream: No such file or directory in /home/ubuntu/workspace/work1/work1.php on line 20
[02-Jul-2017 12:41:04 UTC] PHP Stack trace:
[02-Jul-2017 12:41:04 UTC] PHP   1. {main}() /home/ubuntu/workspace/work1/work1.php:0
[02-Jul-2017 12:41:04 UTC] PHP Fatal error:  require_once(): Failed opening required '/work1/api/userApi.php' (include_path='.:/usr/share/php:/usr/share/pear') in /home/ubuntu/workspace/work1/work1.php on line 20
[02-Jul-2017 12:41:04 UTC] PHP Stack trace:
[02-Jul-2017 12:41:04 UTC] PHP   1. {main}() /home/ubuntu/workspace/work1/work1.php:0
[02-Jul-2017 12:41:08 UTC] PHP Warning:  require_once(/work1/api/userApi.php): failed to open stream: No such file or directory in /home/ubuntu/workspace/work1/work1.php on line 20
[02-Jul-2017 12:41:08 UTC] PHP Stack trace:
[02-Jul-2017 12:41:08 UTC] PHP   1. {main}() /home/ubuntu/workspace/work1/work1.php:0
[02-Jul-2017 12:41:08 UTC] PHP Fatal error:  require_once(): Failed opening required '/work1/api/userApi.php' (include_path='.:/usr/share/php:/usr/share/pear') in /home/ubuntu/workspace/work1/work1.php on line 20
[02-Jul-2017 12:41:08 UTC] PHP Stack trace:
[02-Jul-2017 12:41:08 UTC] PHP   1. {main}() /home/ubuntu/workspace/work1/work1.php:0
[02-Jul-2017 12:41:26 UTC] PHP Warning:  include(/work1/api/userApi.php): failed to open stream: No such file or directory in /home/ubuntu/workspace/work1/work1.php on line 20
[02-Jul-2017 12:41:26 UTC] PHP Stack trace:
[02-Jul-2017 12:41:26 UTC] PHP   1. {main}() /home/ubuntu/workspace/work1/work1.php:0
[02-Jul-2017 12:41:26 UTC] PHP Warning:  include(): Failed opening '/work1/api/userApi.php' for inclusion (include_path='.:/usr/share/php:/usr/share/pear') in /home/ubuntu/workspace/work1/work1.php on line 20
[02-Jul-2017 12:41:26 UTC] PHP Stack trace:
[02-Jul-2017 12:41:26 UTC] PHP   1. {main}() /home/ubuntu/workspace/work1/work1.php:0
[02-Jul-2017 12:42:49 UTC] PHP Warning:  include(): https:// wrapper is disabled in the server configuration by allow_url_include=0 in /home/ubuntu/workspace/work1/work1.php on line 20
[02-Jul-2017 12:42:49 UTC] PHP Stack trace:
[02-Jul-2017 12:42:49 UTC] PHP   1. {main}() /home/ubuntu/workspace/work1/work1.php:0
[02-Jul-2017 12:42:49 UTC] PHP Warning:  include(https://bazar-ms-mihaisitaru.c9users.io/work1/api/userApi.php): failed to open stream: no suitable wrapper could be found in /home/ubuntu/workspace/work1/work1.php on line 20
[02-Jul-2017 12:42:49 UTC] PHP Stack trace:
[02-Jul-2017 12:42:49 UTC] PHP   1. {main}() /home/ubuntu/workspace/work1/work1.php:0
[02-Jul-2017 12:42:49 UTC] PHP Warning:  include(): Failed opening 'https://bazar-ms-mihaisitaru.c9users.io/work1/api/userApi.php' for inclusion (include_path='.:/usr/share/php:/usr/share/pear') in /home/ubuntu/workspace/work1/work1.php on line 20
[02-Jul-2017 12:42:49 UTC] PHP Stack trace:
[02-Jul-2017 12:42:49 UTC] PHP   1. {main}() /home/ubuntu/workspace/work1/work1.php:0
[02-Jul-2017 12:43:17 UTC] PHP Warning:  include(bazar-ms-mihaisitaru.c9users.io/work1/api/userApi.php): failed to open stream: No such file or directory in /home/ubuntu/workspace/work1/work1.php on line 20
[02-Jul-2017 12:43:17 UTC] PHP Stack trace:
[02-Jul-2017 12:43:17 UTC] PHP   1. {main}() /home/ubuntu/workspace/work1/work1.php:0
[02-Jul-2017 12:43:17 UTC] PHP Warning:  include(): Failed opening 'bazar-ms-mihaisitaru.c9users.io/work1/api/userApi.php' for inclusion (include_path='.:/usr/share/php:/usr/share/pear') in /home/ubuntu/workspace/work1/work1.php on line 20
[02-Jul-2017 12:43:17 UTC] PHP Stack trace:
[02-Jul-2017 12:43:17 UTC] PHP   1. {main}() /home/ubuntu/workspace/work1/work1.php:0
[03-Jul-2017 17:58:54 UTC] PHP Warning:  require_once(/config/general.php): failed to open stream: No such file or directory in /home/ubuntu/workspace/work2/work2.php on line 2
[03-Jul-2017 17:58:54 UTC] PHP Stack trace:
[03-Jul-2017 17:58:54 UTC] PHP   1. {main}() /home/ubuntu/workspace/work2/work2.php:0
[03-Jul-2017 17:58:54 UTC] PHP Fatal error:  require_once(): Failed opening required '/config/general.php' (include_path='.:/usr/share/php:/usr/share/pear') in /home/ubuntu/workspace/work2/work2.php on line 2
[03-Jul-2017 17:58:54 UTC] PHP Stack trace:
[03-Jul-2017 17:58:54 UTC] PHP   1. {main}() /home/ubuntu/workspace/work2/work2.php:0
[04-Jul-2017 09:38:03 UTC] PHP Warning:  require_once(/home/ubuntu/workspace/work2/config/../lib/databaseHelper.php): failed to open stream: No such file or directory in /home/ubuntu/workspace/work2/config/general.php on line 7
[04-Jul-2017 09:38:03 UTC] PHP Stack trace:
[04-Jul-2017 09:38:03 UTC] PHP   1. {main}() /home/ubuntu/workspace/work2/work2.php:0
[04-Jul-2017 09:38:03 UTC] PHP   2. require_once() /home/ubuntu/workspace/work2/work2.php:2
[04-Jul-2017 09:38:03 UTC] PHP Fatal error:  require_once(): Failed opening required '/home/ubuntu/workspace/work2/config/../lib/databaseHelper.php' (include_path='.:/usr/share/php:/usr/share/pear') in /home/ubuntu/workspace/work2/config/general.php on line 7
[04-Jul-2017 09:38:03 UTC] PHP Stack trace:
[04-Jul-2017 09:38:03 UTC] PHP   1. {main}() /home/ubuntu/workspace/work2/work2.php:0
[04-Jul-2017 09:38:03 UTC] PHP   2. require_once() /home/ubuntu/workspace/work2/work2.php:2
[04-Jul-2017 17:54:59 UTC] PHP Warning:  mysqli_connect() expects parameter 5 to be long, string given in /home/ubuntu/workspace/work3/lib/databaseHelper.php on line 7
[04-Jul-2017 17:54:59 UTC] PHP Stack trace:
[04-Jul-2017 17:54:59 UTC] PHP   1. {main}() /home/ubuntu/workspace/work3/work3.php:0
[04-Jul-2017 17:54:59 UTC] PHP   2. require_once() /home/ubuntu/workspace/work3/work3.php:2
[04-Jul-2017 17:54:59 UTC] PHP   3. databaseConnect() /home/ubuntu/workspace/work3/config/general.php:8
[04-Jul-2017 17:54:59 UTC] PHP   4. mysqli_connect() /home/ubuntu/workspace/work3/lib/databaseHelper.php:7
[04-Jul-2017 17:54:59 UTC] PHP Warning:  mysqli_get_host_info() expects parameter 1 to be mysqli, null given in /home/ubuntu/workspace/work3/lib/databaseHelper.php on line 11
[04-Jul-2017 17:54:59 UTC] PHP Stack trace:
[04-Jul-2017 17:54:59 UTC] PHP   1. {main}() /home/ubuntu/workspace/work3/work3.php:0
[04-Jul-2017 17:54:59 UTC] PHP   2. require_once() /home/ubuntu/workspace/work3/work3.php:2
[04-Jul-2017 17:54:59 UTC] PHP   3. databaseConnect() /home/ubuntu/workspace/work3/config/general.php:8
[04-Jul-2017 17:54:59 UTC] PHP   4. mysqli_get_host_info() /home/ubuntu/workspace/work3/lib/databaseHelper.php:11
[04-Jul-2017 17:54:59 UTC] PHP Warning:  mysqli_set_charset() expects parameter 1 to be mysqli, null given in /home/ubuntu/workspace/work3/lib/databaseHelper.php on line 12
[04-Jul-2017 17:54:59 UTC] PHP Stack trace:
[04-Jul-2017 17:54:59 UTC] PHP   1. {main}() /home/ubuntu/workspace/work3/work3.php:0
[04-Jul-2017 17:54:59 UTC] PHP   2. require_once() /home/ubuntu/workspace/work3/work3.php:2
[04-Jul-2017 17:54:59 UTC] PHP   3. databaseConnect() /home/ubuntu/workspace/work3/config/general.php:8
[04-Jul-2017 17:54:59 UTC] PHP   4. mysqli_set_charset() /home/ubuntu/workspace/work3/lib/databaseHelper.php:12
[04-Jul-2017 17:54:59 UTC] PHP Warning:  mysqli_query() expects parameter 1 to be mysqli, null given in /home/ubuntu/workspace/work3/lib/databaseHelper.php on line 13
[04-Jul-2017 17:54:59 UTC] PHP Stack trace:
[04-Jul-2017 17:54:59 UTC] PHP   1. {main}() /home/ubuntu/workspace/work3/work3.php:0
[04-Jul-2017 17:54:59 UTC] PHP   2. require_once() /home/ubuntu/workspace/work3/work3.php:2
[04-Jul-2017 17:54:59 UTC] PHP   3. databaseConnect() /home/ubuntu/workspace/work3/config/general.php:8
[04-Jul-2017 17:54:59 UTC] PHP   4. mysqli_query() /home/ubuntu/workspace/work3/lib/databaseHelper.php:13
[04-Jul-2017 17:54:59 UTC] PHP Warning:  mysqli_select_db() expects parameter 1 to be mysqli, null given in /home/ubuntu/workspace/work3/lib/databaseHelper.php on line 14
[04-Jul-2017 17:54:59 UTC] PHP Stack trace:
[04-Jul-2017 17:54:59 UTC] PHP   1. {main}() /home/ubuntu/workspace/work3/work3.php:0
[04-Jul-2017 17:54:59 UTC] PHP   2. require_once() /home/ubuntu/workspace/work3/work3.php:2
[04-Jul-2017 17:54:59 UTC] PHP   3. databaseConnect() /home/ubuntu/workspace/work3/config/general.php:8
[04-Jul-2017 17:54:59 UTC] PHP   4. mysqli_select_db() /home/ubuntu/workspace/work3/lib/databaseHelper.php:14
[04-Jul-2017 17:55:32 UTC] PHP Warning:  mysqli_connect() expects parameter 5 to be long, string given in /home/ubuntu/workspace/work3/lib/databaseHelper.php on line 7
[04-Jul-2017 17:55:32 UTC] PHP Stack trace:
[04-Jul-2017 17:55:32 UTC] PHP   1. {main}() /home/ubuntu/workspace/work3/work3.php:0
[04-Jul-2017 17:55:32 UTC] PHP   2. require_once() /home/ubuntu/workspace/work3/work3.php:2
[04-Jul-2017 17:55:32 UTC] PHP   3. databaseConnect() /home/ubuntu/workspace/work3/config/general.php:8
[04-Jul-2017 17:55:32 UTC] PHP   4. mysqli_connect() /home/ubuntu/workspace/work3/lib/databaseHelper.php:7
[04-Jul-2017 17:55:32 UTC] PHP Warning:  mysqli_get_host_info() expects parameter 1 to be mysqli, null given in /home/ubuntu/workspace/work3/lib/databaseHelper.php on line 11
[04-Jul-2017 17:55:32 UTC] PHP Stack trace:
[04-Jul-2017 17:55:32 UTC] PHP   1. {main}() /home/ubuntu/workspace/work3/work3.php:0
[04-Jul-2017 17:55:32 UTC] PHP   2. require_once() /home/ubuntu/workspace/work3/work3.php:2
[04-Jul-2017 17:55:32 UTC] PHP   3. databaseConnect() /home/ubuntu/workspace/work3/config/general.php:8
[04-Jul-2017 17:55:32 UTC] PHP   4. mysqli_get_host_info() /home/ubuntu/workspace/work3/lib/databaseHelper.php:11
[04-Jul-2017 17:55:32 UTC] PHP Warning:  mysqli_set_charset() expects parameter 1 to be mysqli, null given in /home/ubuntu/workspace/work3/lib/databaseHelper.php on line 12
[04-Jul-2017 17:55:32 UTC] PHP Stack trace:
[04-Jul-2017 17:55:32 UTC] PHP   1. {main}() /home/ubuntu/workspace/work3/work3.php:0
[04-Jul-2017 17:55:32 UTC] PHP   2. require_once() /home/ubuntu/workspace/work3/work3.php:2
[04-Jul-2017 17:55:32 UTC] PHP   3. databaseConnect() /home/ubuntu/workspace/work3/config/general.php:8
[04-Jul-2017 17:55:32 UTC] PHP   4. mysqli_set_charset() /home/ubuntu/workspace/work3/lib/databaseHelper.php:12
[04-Jul-2017 17:55:32 UTC] PHP Warning:  mysqli_query() expects parameter 1 to be mysqli, null given in /home/ubuntu/workspace/work3/lib/databaseHelper.php on line 13
[04-Jul-2017 17:55:32 UTC] PHP Stack trace:
[04-Jul-2017 17:55:32 UTC] PHP   1. {main}() /home/ubuntu/workspace/work3/work3.php:0
[04-Jul-2017 17:55:32 UTC] PHP   2. require_once() /home/ubuntu/workspace/work3/work3.php:2
[04-Jul-2017 17:55:32 UTC] PHP   3. databaseConnect() /home/ubuntu/workspace/work3/config/general.php:8
[04-Jul-2017 17:55:32 UTC] PHP   4. mysqli_query() /home/ubuntu/workspace/work3/lib/databaseHelper.php:13
[04-Jul-2017 17:55:32 UTC] PHP Warning:  mysqli_select_db() expects parameter 1 to be mysqli, null given in /home/ubuntu/workspace/work3/lib/databaseHelper.php on line 14
[04-Jul-2017 17:55:32 UTC] PHP Stack trace:
[04-Jul-2017 17:55:32 UTC] PHP   1. {main}() /home/ubuntu/workspace/work3/work3.php:0
[04-Jul-2017 17:55:32 UTC] PHP   2. require_once() /home/ubuntu/workspace/work3/work3.php:2
[04-Jul-2017 17:55:32 UTC] PHP   3. databaseConnect() /home/ubuntu/workspace/work3/config/general.php:8
[04-Jul-2017 17:55:32 UTC] PHP   4. mysqli_select_db() /home/ubuntu/workspace/work3/lib/databaseHelper.php:14
[04-Jul-2017 19:18:57 UTC] PHP Warning:  mysqli_connect(): (HY000/2002): Connection refused in /home/ubuntu/workspace/work3/lib/databaseHelper.php on line 7
[04-Jul-2017 19:18:57 UTC] PHP Stack trace:
[04-Jul-2017 19:18:57 UTC] PHP   1. {main}() /home/ubuntu/workspace/work3/work3.php:0
[04-Jul-2017 19:18:57 UTC] PHP   2. require_once() /home/ubuntu/workspace/work3/work3.php:2
[04-Jul-2017 19:18:57 UTC] PHP   3. databaseConnect() /home/ubuntu/workspace/work3/config/general.php:8
[04-Jul-2017 19:18:57 UTC] PHP   4. mysqli_connect() /home/ubuntu/workspace/work3/lib/databaseHelper.php:7
[05-Jul-2017 06:11:48 UTC] PHP Warning:  mysqli_close() expects parameter 1 to be mysqli, null given in /home/ubuntu/workspace/work3/lib/databaseHelper.php on line 18
[05-Jul-2017 06:11:48 UTC] PHP Stack trace:
[05-Jul-2017 06:11:48 UTC] PHP   1. {main}() /home/ubuntu/workspace/work3/work3.php:0
[05-Jul-2017 06:11:48 UTC] PHP   2. require_once() /home/ubuntu/workspace/work3/work3.php:2
[05-Jul-2017 06:11:48 UTC] PHP   3. require_once() /home/ubuntu/workspace/work3/config/general.php:7
[05-Jul-2017 06:11:48 UTC] PHP   4. mysqli_close() /home/ubuntu/workspace/work3/lib/databaseHelper.php:18
[05-Jul-2017 06:12:02 UTC] PHP Warning:  mysqli_close() expects parameter 1 to be mysqli, null given in /home/ubuntu/workspace/work3/lib/databaseHelper.php on line 18
[05-Jul-2017 06:12:02 UTC] PHP Stack trace:
[05-Jul-2017 06:12:02 UTC] PHP   1. {main}() /home/ubuntu/workspace/work3/work3.php:0
[05-Jul-2017 06:12:02 UTC] PHP   2. require_once() /home/ubuntu/workspace/work3/work3.php:2
[05-Jul-2017 06:12:02 UTC] PHP   3. require_once() /home/ubuntu/workspace/work3/config/general.php:7
[05-Jul-2017 06:12:02 UTC] PHP   4. mysqli_close() /home/ubuntu/workspace/work3/lib/databaseHelper.php:18
[05-Jul-2017 06:12:05 UTC] PHP Warning:  mysqli_close() expects parameter 1 to be mysqli, null given in /home/ubuntu/workspace/work3/lib/databaseHelper.php on line 18
[05-Jul-2017 06:12:05 UTC] PHP Stack trace:
[05-Jul-2017 06:12:05 UTC] PHP   1. {main}() /home/ubuntu/workspace/work3/work3.php:0
[05-Jul-2017 06:12:05 UTC] PHP   2. require_once() /home/ubuntu/workspace/work3/work3.php:2
[05-Jul-2017 06:12:05 UTC] PHP   3. require_once() /home/ubuntu/workspace/work3/config/general.php:7
[05-Jul-2017 06:12:05 UTC] PHP   4. mysqli_close() /home/ubuntu/workspace/work3/lib/databaseHelper.php:18
[05-Jul-2017 06:12:13 UTC] PHP Warning:  mysqli_close() expects parameter 1 to be mysqli, null given in /home/ubuntu/workspace/work3/lib/databaseHelper.php on line 18
[05-Jul-2017 06:12:13 UTC] PHP Stack trace:
[05-Jul-2017 06:12:13 UTC] PHP   1. {main}() /home/ubuntu/workspace/work3/work3.php:0
[05-Jul-2017 06:12:13 UTC] PHP   2. require_once() /home/ubuntu/workspace/work3/work3.php:2
[05-Jul-2017 06:12:13 UTC] PHP   3. require_once() /home/ubuntu/workspace/work3/config/general.php:7
[05-Jul-2017 06:12:13 UTC] PHP   4. mysqli_close() /home/ubuntu/workspace/work3/lib/databaseHelper.php:18
[05-Jul-2017 06:12:38 UTC] PHP Warning:  mysqli_close() expects parameter 1 to be mysqli, null given in /home/ubuntu/workspace/work3/lib/databaseHelper.php on line 18
[05-Jul-2017 06:12:38 UTC] PHP Stack trace:
[05-Jul-2017 06:12:38 UTC] PHP   1. {main}() /home/ubuntu/workspace/work3/work3.php:0
[05-Jul-2017 06:12:38 UTC] PHP   2. require_once() /home/ubuntu/workspace/work3/work3.php:2
[05-Jul-2017 06:12:38 UTC] PHP   3. require_once() /home/ubuntu/workspace/work3/config/general.php:7
[05-Jul-2017 06:12:38 UTC] PHP   4. mysqli_close() /home/ubuntu/workspace/work3/lib/databaseHelper.php:18
[05-Jul-2017 18:17:57 UTC] PHP Warning:  mysql_set_charset() expects parameter 1 to be string, object given in /home/ubuntu/workspace/work3/lib/databaseHelper.php on line 14
[05-Jul-2017 18:17:57 UTC] PHP Stack trace:
[05-Jul-2017 18:17:57 UTC] PHP   1. {main}() /home/ubuntu/workspace/work3/work3.php:0
[05-Jul-2017 18:17:57 UTC] PHP   2. require_once() /home/ubuntu/workspace/work3/work3.php:2
[05-Jul-2017 18:17:57 UTC] PHP   3. databaseConnect() /home/ubuntu/workspace/work3/config/general.php:8
[05-Jul-2017 18:17:57 UTC] PHP   4. mysql_set_charset() /home/ubuntu/workspace/work3/lib/databaseHelper.php:14
[07-Jul-2017 10:15:54 UTC] PHP Parse error:  syntax error, unexpected '}', expecting ',' or ';' in /home/ubuntu/workspace/work3/lib/outputHelper.php on line 25
[07-Jul-2017 10:15:54 UTC] PHP Stack trace:
[07-Jul-2017 10:15:54 UTC] PHP   1. {main}() /home/ubuntu/workspace/work3/work3.php:0
[07-Jul-2017 10:15:54 UTC] PHP   2. require_once() /home/ubuntu/workspace/work3/work3.php:2
[07-Jul-2017 10:15:54 UTC] PHP   3. require_once() /home/ubuntu/workspace/work3/config/general.php:7
[07-Jul-2017 10:15:57 UTC] PHP Parse error:  syntax error, unexpected '}', expecting ',' or ';' in /home/ubuntu/workspace/work3/lib/outputHelper.php on line 25
[07-Jul-2017 10:15:57 UTC] PHP Stack trace:
[07-Jul-2017 10:15:57 UTC] PHP   1. {main}() /home/ubuntu/workspace/work3/work3.php:0
[07-Jul-2017 10:15:57 UTC] PHP   2. require_once() /home/ubuntu/workspace/work3/work3.php:2
[07-Jul-2017 10:15:57 UTC] PHP   3. require_once() /home/ubuntu/workspace/work3/config/general.php:7
