[06-Jul-2017 10:34:38 UTC] PHP Warning:  mysqli_connect(): (HY000/2002): Connection refused in /home/ubuntu/workspace/php/testlogin/config.php on line 6
[06-Jul-2017 10:34:38 UTC] PHP Stack trace:
[06-Jul-2017 10:34:38 UTC] PHP   1. {main}() /home/ubuntu/workspace/php/testlogin/login.php:0
[06-Jul-2017 10:34:38 UTC] PHP   2. include() /home/ubuntu/workspace/php/testlogin/login.php:2
[06-Jul-2017 10:34:38 UTC] PHP   3. mysqli_connect() /home/ubuntu/workspace/php/testlogin/config.php:6
[06-Jul-2017 10:37:01 UTC] PHP Warning:  mysqli_fetch_array() expects parameter 1 to be mysqli_result, boolean given in /home/ubuntu/workspace/php/testlogin/login.php on line 13
[06-Jul-2017 10:37:01 UTC] PHP Stack trace:
[06-Jul-2017 10:37:01 UTC] PHP   1. {main}() /home/ubuntu/workspace/php/testlogin/login.php:0
[06-Jul-2017 10:37:01 UTC] PHP   2. mysqli_fetch_array() /home/ubuntu/workspace/php/testlogin/login.php:13
[06-Jul-2017 10:37:01 UTC] PHP Warning:  mysqli_num_rows() expects parameter 1 to be mysqli_result, boolean given in /home/ubuntu/workspace/php/testlogin/login.php on line 16
[06-Jul-2017 10:37:01 UTC] PHP Stack trace:
[06-Jul-2017 10:37:01 UTC] PHP   1. {main}() /home/ubuntu/workspace/php/testlogin/login.php:0
[06-Jul-2017 10:37:01 UTC] PHP   2. mysqli_num_rows() /home/ubuntu/workspace/php/testlogin/login.php:16
[06-Jul-2017 10:38:53 UTC] PHP Warning:  mysqli_fetch_assoc() expects parameter 1 to be mysqli_result, boolean given in /home/ubuntu/workspace/php/testlogin/login.php on line 13
[06-Jul-2017 10:38:53 UTC] PHP Stack trace:
[06-Jul-2017 10:38:53 UTC] PHP   1. {main}() /home/ubuntu/workspace/php/testlogin/login.php:0
[06-Jul-2017 10:38:53 UTC] PHP   2. mysqli_fetch_assoc() /home/ubuntu/workspace/php/testlogin/login.php:13
[06-Jul-2017 10:38:53 UTC] PHP Warning:  mysqli_num_rows() expects parameter 1 to be mysqli_result, boolean given in /home/ubuntu/workspace/php/testlogin/login.php on line 16
[06-Jul-2017 10:38:53 UTC] PHP Stack trace:
[06-Jul-2017 10:38:53 UTC] PHP   1. {main}() /home/ubuntu/workspace/php/testlogin/login.php:0
[06-Jul-2017 10:38:53 UTC] PHP   2. mysqli_num_rows() /home/ubuntu/workspace/php/testlogin/login.php:16
[06-Jul-2017 10:40:26 UTC] PHP Warning:  mysqli_num_rows() expects parameter 1 to be mysqli_result, boolean given in /home/ubuntu/workspace/php/testlogin/login.php on line 16
[06-Jul-2017 10:40:26 UTC] PHP Stack trace:
[06-Jul-2017 10:40:26 UTC] PHP   1. {main}() /home/ubuntu/workspace/php/testlogin/login.php:0
[06-Jul-2017 10:40:26 UTC] PHP   2. mysqli_num_rows() /home/ubuntu/workspace/php/testlogin/login.php:16
[06-Jul-2017 10:40:55 UTC] PHP Warning:  mysqli_fetch_assoc() expects parameter 1 to be mysqli_result, boolean given in /home/ubuntu/workspace/php/testlogin/login.php on line 13
[06-Jul-2017 10:40:55 UTC] PHP Stack trace:
[06-Jul-2017 10:40:55 UTC] PHP   1. {main}() /home/ubuntu/workspace/php/testlogin/login.php:0
[06-Jul-2017 10:40:55 UTC] PHP   2. mysqli_fetch_assoc() /home/ubuntu/workspace/php/testlogin/login.php:13
[06-Jul-2017 10:40:55 UTC] PHP Warning:  mysqli_num_rows() expects parameter 1 to be mysqli_result, null given in /home/ubuntu/workspace/php/testlogin/login.php on line 16
[06-Jul-2017 10:40:55 UTC] PHP Stack trace:
[06-Jul-2017 10:40:55 UTC] PHP   1. {main}() /home/ubuntu/workspace/php/testlogin/login.php:0
[06-Jul-2017 10:40:55 UTC] PHP   2. mysqli_num_rows() /home/ubuntu/workspace/php/testlogin/login.php:16
[06-Jul-2017 10:42:10 UTC] PHP Warning:  mysqli_fetch_assoc() expects parameter 1 to be mysqli_result, boolean given in /home/ubuntu/workspace/php/testlogin/login.php on line 13
[06-Jul-2017 10:42:10 UTC] PHP Stack trace:
[06-Jul-2017 10:42:10 UTC] PHP   1. {main}() /home/ubuntu/workspace/php/testlogin/login.php:0
[06-Jul-2017 10:42:10 UTC] PHP   2. mysqli_fetch_assoc() /home/ubuntu/workspace/php/testlogin/login.php:13
[06-Jul-2017 10:42:10 UTC] PHP Warning:  mysqli_num_rows() expects parameter 1 to be mysqli_result, null given in /home/ubuntu/workspace/php/testlogin/login.php on line 16
[06-Jul-2017 10:42:10 UTC] PHP Stack trace:
[06-Jul-2017 10:42:10 UTC] PHP   1. {main}() /home/ubuntu/workspace/php/testlogin/login.php:0
[06-Jul-2017 10:42:10 UTC] PHP   2. mysqli_num_rows() /home/ubuntu/workspace/php/testlogin/login.php:16
[06-Jul-2017 10:42:18 UTC] PHP Warning:  mysqli_fetch_assoc() expects parameter 1 to be mysqli_result, boolean given in /home/ubuntu/workspace/php/testlogin/login.php on line 13
[06-Jul-2017 10:42:18 UTC] PHP Stack trace:
[06-Jul-2017 10:42:18 UTC] PHP   1. {main}() /home/ubuntu/workspace/php/testlogin/login.php:0
[06-Jul-2017 10:42:18 UTC] PHP   2. mysqli_fetch_assoc() /home/ubuntu/workspace/php/testlogin/login.php:13
[06-Jul-2017 10:42:18 UTC] PHP Warning:  mysqli_num_rows() expects parameter 1 to be mysqli_result, null given in /home/ubuntu/workspace/php/testlogin/login.php on line 16
[06-Jul-2017 10:42:18 UTC] PHP Stack trace:
[06-Jul-2017 10:42:18 UTC] PHP   1. {main}() /home/ubuntu/workspace/php/testlogin/login.php:0
[06-Jul-2017 10:42:18 UTC] PHP   2. mysqli_num_rows() /home/ubuntu/workspace/php/testlogin/login.php:16
[06-Jul-2017 10:42:59 UTC] PHP Warning:  mysqli_fetch_array() expects parameter 1 to be mysqli_result, boolean given in /home/ubuntu/workspace/php/testlogin/login.php on line 13
[06-Jul-2017 10:42:59 UTC] PHP Stack trace:
[06-Jul-2017 10:42:59 UTC] PHP   1. {main}() /home/ubuntu/workspace/php/testlogin/login.php:0
[06-Jul-2017 10:42:59 UTC] PHP   2. mysqli_fetch_array() /home/ubuntu/workspace/php/testlogin/login.php:13
[06-Jul-2017 10:42:59 UTC] PHP Warning:  mysqli_num_rows() expects parameter 1 to be mysqli_result, null given in /home/ubuntu/workspace/php/testlogin/login.php on line 17
[06-Jul-2017 10:42:59 UTC] PHP Stack trace:
[06-Jul-2017 10:42:59 UTC] PHP   1. {main}() /home/ubuntu/workspace/php/testlogin/login.php:0
[06-Jul-2017 10:42:59 UTC] PHP   2. mysqli_num_rows() /home/ubuntu/workspace/php/testlogin/login.php:17
[06-Jul-2017 10:46:58 UTC] PHP Warning:  mysqli_num_rows() expects parameter 1 to be mysqli_result, integer given in /home/ubuntu/workspace/php/testlogin/login.php on line 18
[06-Jul-2017 10:46:58 UTC] PHP Stack trace:
[06-Jul-2017 10:46:58 UTC] PHP   1. {main}() /home/ubuntu/workspace/php/testlogin/login.php:0
[06-Jul-2017 10:46:58 UTC] PHP   2. mysqli_num_rows() /home/ubuntu/workspace/php/testlogin/login.php:18
[06-Jul-2017 10:47:54 UTC] PHP Warning:  mysqli_fetch_array() expects parameter 1 to be mysqli_result, boolean given in /home/ubuntu/workspace/php/testlogin/login.php on line 13
[06-Jul-2017 10:47:54 UTC] PHP Stack trace:
[06-Jul-2017 10:47:54 UTC] PHP   1. {main}() /home/ubuntu/workspace/php/testlogin/login.php:0
[06-Jul-2017 10:47:54 UTC] PHP   2. mysqli_fetch_array() /home/ubuntu/workspace/php/testlogin/login.php:13
[06-Jul-2017 10:47:54 UTC] PHP Warning:  mysqli_num_rows() expects parameter 1 to be mysqli_result, null given in /home/ubuntu/workspace/php/testlogin/login.php on line 18
[06-Jul-2017 10:47:54 UTC] PHP Stack trace:
[06-Jul-2017 10:47:54 UTC] PHP   1. {main}() /home/ubuntu/workspace/php/testlogin/login.php:0
[06-Jul-2017 10:47:54 UTC] PHP   2. mysqli_num_rows() /home/ubuntu/workspace/php/testlogin/login.php:18
[06-Jul-2017 10:48:40 UTC] PHP Warning:  mysqli_fetch_array() expects parameter 1 to be mysqli_result, boolean given in /home/ubuntu/workspace/php/testlogin/login.php on line 13
[06-Jul-2017 10:48:40 UTC] PHP Stack trace:
[06-Jul-2017 10:48:40 UTC] PHP   1. {main}() /home/ubuntu/workspace/php/testlogin/login.php:0
[06-Jul-2017 10:48:40 UTC] PHP   2. mysqli_fetch_array() /home/ubuntu/workspace/php/testlogin/login.php:13
[06-Jul-2017 10:48:40 UTC] PHP Warning:  mysqli_num_rows() expects parameter 1 to be mysqli_result, null given in /home/ubuntu/workspace/php/testlogin/login.php on line 18
[06-Jul-2017 10:48:40 UTC] PHP Stack trace:
[06-Jul-2017 10:48:40 UTC] PHP   1. {main}() /home/ubuntu/workspace/php/testlogin/login.php:0
[06-Jul-2017 10:48:40 UTC] PHP   2. mysqli_num_rows() /home/ubuntu/workspace/php/testlogin/login.php:18
[06-Jul-2017 10:48:48 UTC] PHP Warning:  mysqli_fetch_array() expects parameter 1 to be mysqli_result, boolean given in /home/ubuntu/workspace/php/testlogin/login.php on line 13
[06-Jul-2017 10:48:48 UTC] PHP Stack trace:
[06-Jul-2017 10:48:48 UTC] PHP   1. {main}() /home/ubuntu/workspace/php/testlogin/login.php:0
[06-Jul-2017 10:48:48 UTC] PHP   2. mysqli_fetch_array() /home/ubuntu/workspace/php/testlogin/login.php:13
[06-Jul-2017 10:48:48 UTC] PHP Warning:  mysqli_num_rows() expects parameter 1 to be mysqli_result, null given in /home/ubuntu/workspace/php/testlogin/login.php on line 18
[06-Jul-2017 10:48:48 UTC] PHP Stack trace:
[06-Jul-2017 10:48:48 UTC] PHP   1. {main}() /home/ubuntu/workspace/php/testlogin/login.php:0
[06-Jul-2017 10:48:48 UTC] PHP   2. mysqli_num_rows() /home/ubuntu/workspace/php/testlogin/login.php:18
[06-Jul-2017 10:49:10 UTC] PHP Warning:  mysqli_fetch_array() expects parameter 1 to be mysqli_result, boolean given in /home/ubuntu/workspace/php/testlogin/login.php on line 13
[06-Jul-2017 10:49:10 UTC] PHP Stack trace:
[06-Jul-2017 10:49:10 UTC] PHP   1. {main}() /home/ubuntu/workspace/php/testlogin/login.php:0
[06-Jul-2017 10:49:10 UTC] PHP   2. mysqli_fetch_array() /home/ubuntu/workspace/php/testlogin/login.php:13
[06-Jul-2017 10:49:10 UTC] PHP Warning:  mysqli_num_rows() expects parameter 1 to be mysqli_result, null given in /home/ubuntu/workspace/php/testlogin/login.php on line 18
[06-Jul-2017 10:49:10 UTC] PHP Stack trace:
[06-Jul-2017 10:49:10 UTC] PHP   1. {main}() /home/ubuntu/workspace/php/testlogin/login.php:0
[06-Jul-2017 10:49:10 UTC] PHP   2. mysqli_num_rows() /home/ubuntu/workspace/php/testlogin/login.php:18
[06-Jul-2017 10:50:41 UTC] PHP Warning:  mysqli_fetch_array() expects parameter 1 to be mysqli_result, boolean given in /home/ubuntu/workspace/php/testlogin/login.php on line 13
[06-Jul-2017 10:50:41 UTC] PHP Stack trace:
[06-Jul-2017 10:50:41 UTC] PHP   1. {main}() /home/ubuntu/workspace/php/testlogin/login.php:0
[06-Jul-2017 10:50:41 UTC] PHP   2. mysqli_fetch_array() /home/ubuntu/workspace/php/testlogin/login.php:13
[06-Jul-2017 10:56:08 UTC] PHP Warning:  mysqli_fetch_assoc() expects parameter 1 to be mysqli_result, boolean given in /home/ubuntu/workspace/php/testlogin/login.php on line 14
[06-Jul-2017 10:56:08 UTC] PHP Stack trace:
[06-Jul-2017 10:56:08 UTC] PHP   1. {main}() /home/ubuntu/workspace/php/testlogin/login.php:0
[06-Jul-2017 10:56:08 UTC] PHP   2. mysqli_fetch_assoc() /home/ubuntu/workspace/php/testlogin/login.php:14
[06-Jul-2017 10:56:08 UTC] PHP Warning:  mysqli_num_rows() expects parameter 1 to be mysqli_result, null given in /home/ubuntu/workspace/php/testlogin/login.php on line 17
[06-Jul-2017 10:56:08 UTC] PHP Stack trace:
[06-Jul-2017 10:56:08 UTC] PHP   1. {main}() /home/ubuntu/workspace/php/testlogin/login.php:0
[06-Jul-2017 10:56:08 UTC] PHP   2. mysqli_num_rows() /home/ubuntu/workspace/php/testlogin/login.php:17
[06-Jul-2017 10:57:00 UTC] PHP Warning:  mysqli_fetch_assoc() expects parameter 1 to be mysqli_result, boolean given in /home/ubuntu/workspace/php/testlogin/login.php on line 14
[06-Jul-2017 10:57:00 UTC] PHP Stack trace:
[06-Jul-2017 10:57:00 UTC] PHP   1. {main}() /home/ubuntu/workspace/php/testlogin/login.php:0
[06-Jul-2017 10:57:00 UTC] PHP   2. mysqli_fetch_assoc() /home/ubuntu/workspace/php/testlogin/login.php:14
[06-Jul-2017 10:57:00 UTC] PHP Warning:  mysqli_num_rows() expects parameter 1 to be mysqli_result, null given in /home/ubuntu/workspace/php/testlogin/login.php on line 17
[06-Jul-2017 10:57:00 UTC] PHP Stack trace:
[06-Jul-2017 10:57:00 UTC] PHP   1. {main}() /home/ubuntu/workspace/php/testlogin/login.php:0
[06-Jul-2017 10:57:00 UTC] PHP   2. mysqli_num_rows() /home/ubuntu/workspace/php/testlogin/login.php:17
[06-Jul-2017 10:59:31 UTC] PHP Warning:  mysqli_fetch_assoc() expects parameter 1 to be mysqli_result, boolean given in /home/ubuntu/workspace/php/testlogin/login.php on line 14
[06-Jul-2017 10:59:31 UTC] PHP Stack trace:
[06-Jul-2017 10:59:31 UTC] PHP   1. {main}() /home/ubuntu/workspace/php/testlogin/login.php:0
[06-Jul-2017 10:59:31 UTC] PHP   2. mysqli_fetch_assoc() /home/ubuntu/workspace/php/testlogin/login.php:14
[06-Jul-2017 10:59:31 UTC] PHP Warning:  mysqli_num_rows() expects parameter 1 to be mysqli_result, null given in /home/ubuntu/workspace/php/testlogin/login.php on line 17
[06-Jul-2017 10:59:31 UTC] PHP Stack trace:
[06-Jul-2017 10:59:31 UTC] PHP   1. {main}() /home/ubuntu/workspace/php/testlogin/login.php:0
[06-Jul-2017 10:59:31 UTC] PHP   2. mysqli_num_rows() /home/ubuntu/workspace/php/testlogin/login.php:17
[06-Jul-2017 11:00:08 UTC] PHP Warning:  mysqli_fetch_array() expects parameter 1 to be mysqli_result, boolean given in /home/ubuntu/workspace/php/testlogin/login.php on line 13
[06-Jul-2017 11:00:08 UTC] PHP Stack trace:
[06-Jul-2017 11:00:08 UTC] PHP   1. {main}() /home/ubuntu/workspace/php/testlogin/login.php:0
[06-Jul-2017 11:00:08 UTC] PHP   2. mysqli_fetch_array() /home/ubuntu/workspace/php/testlogin/login.php:13
[06-Jul-2017 11:00:08 UTC] PHP Warning:  mysqli_num_rows() expects parameter 1 to be mysqli_result, null given in /home/ubuntu/workspace/php/testlogin/login.php on line 17
[06-Jul-2017 11:00:08 UTC] PHP Stack trace:
[06-Jul-2017 11:00:08 UTC] PHP   1. {main}() /home/ubuntu/workspace/php/testlogin/login.php:0
[06-Jul-2017 11:00:08 UTC] PHP   2. mysqli_num_rows() /home/ubuntu/workspace/php/testlogin/login.php:17
[06-Jul-2017 11:02:07 UTC] PHP Warning:  mysqli_num_rows() expects parameter 1 to be mysqli_result, array given in /home/ubuntu/workspace/php/testlogin/login.php on line 17
[06-Jul-2017 11:02:07 UTC] PHP Stack trace:
[06-Jul-2017 11:02:07 UTC] PHP   1. {main}() /home/ubuntu/workspace/php/testlogin/login.php:0
[06-Jul-2017 11:02:07 UTC] PHP   2. mysqli_num_rows() /home/ubuntu/workspace/php/testlogin/login.php:17
[06-Jul-2017 11:02:38 UTC] PHP Warning:  mysqli_num_rows() expects parameter 1 to be mysqli_result, array given in /home/ubuntu/workspace/php/testlogin/login.php on line 17
[06-Jul-2017 11:02:38 UTC] PHP Stack trace:
[06-Jul-2017 11:02:38 UTC] PHP   1. {main}() /home/ubuntu/workspace/php/testlogin/login.php:0
[06-Jul-2017 11:02:38 UTC] PHP   2. mysqli_num_rows() /home/ubuntu/workspace/php/testlogin/login.php:17
[06-Jul-2017 11:03:13 UTC] PHP Warning:  mysqli_num_rows() expects parameter 1 to be mysqli_result, array given in /home/ubuntu/workspace/php/testlogin/login.php on line 18
[06-Jul-2017 11:03:13 UTC] PHP Stack trace:
[06-Jul-2017 11:03:13 UTC] PHP   1. {main}() /home/ubuntu/workspace/php/testlogin/login.php:0
[06-Jul-2017 11:03:13 UTC] PHP   2. mysqli_num_rows() /home/ubuntu/workspace/php/testlogin/login.php:18
[06-Jul-2017 11:06:29 UTC] PHP Warning:  Invalid argument supplied for foreach() in /home/ubuntu/workspace/php/testlogin/login.php on line 15
[06-Jul-2017 11:06:29 UTC] PHP Stack trace:
[06-Jul-2017 11:06:29 UTC] PHP   1. {main}() /home/ubuntu/workspace/php/testlogin/login.php:0
[06-Jul-2017 11:06:29 UTC] PHP Warning:  mysqli_num_rows() expects parameter 1 to be mysqli_result, array given in /home/ubuntu/workspace/php/testlogin/login.php on line 21
[06-Jul-2017 11:06:29 UTC] PHP Stack trace:
[06-Jul-2017 11:06:29 UTC] PHP   1. {main}() /home/ubuntu/workspace/php/testlogin/login.php:0
[06-Jul-2017 11:06:29 UTC] PHP   2. mysqli_num_rows() /home/ubuntu/workspace/php/testlogin/login.php:21
[06-Jul-2017 11:10:54 UTC] PHP Warning:  Invalid argument supplied for foreach() in /home/ubuntu/workspace/php/testlogin/login.php on line 15
[06-Jul-2017 11:10:54 UTC] PHP Stack trace:
[06-Jul-2017 11:10:54 UTC] PHP   1. {main}() /home/ubuntu/workspace/php/testlogin/login.php:0
[06-Jul-2017 11:10:54 UTC] PHP Warning:  mysqli_num_rows() expects parameter 1 to be mysqli_result, null given in /home/ubuntu/workspace/php/testlogin/login.php on line 21
[06-Jul-2017 11:10:54 UTC] PHP Stack trace:
[06-Jul-2017 11:10:54 UTC] PHP   1. {main}() /home/ubuntu/workspace/php/testlogin/login.php:0
[06-Jul-2017 11:10:54 UTC] PHP   2. mysqli_num_rows() /home/ubuntu/workspace/php/testlogin/login.php:21
[06-Jul-2017 11:17:23 UTC] PHP Warning:  mysqli_num_rows() expects parameter 1 to be mysqli_result, array given in /home/ubuntu/workspace/php/testlogin/login.php on line 22
[06-Jul-2017 11:17:23 UTC] PHP Stack trace:
[06-Jul-2017 11:17:23 UTC] PHP   1. {main}() /home/ubuntu/workspace/php/testlogin/login.php:0
[06-Jul-2017 11:17:23 UTC] PHP   2. mysqli_num_rows() /home/ubuntu/workspace/php/testlogin/login.php:22
[06-Jul-2017 11:18:06 UTC] PHP Warning:  mysqli_num_rows() expects parameter 1 to be mysqli_result, array given in /home/ubuntu/workspace/php/testlogin/login.php on line 22
[06-Jul-2017 11:18:06 UTC] PHP Stack trace:
[06-Jul-2017 11:18:06 UTC] PHP   1. {main}() /home/ubuntu/workspace/php/testlogin/login.php:0
[06-Jul-2017 11:18:06 UTC] PHP   2. mysqli_num_rows() /home/ubuntu/workspace/php/testlogin/login.php:22
[06-Jul-2017 11:21:07 UTC] PHP Warning:  mysqli_num_rows() expects parameter 1 to be mysqli_result, null given in /home/ubuntu/workspace/php/testlogin/login.php on line 22
[06-Jul-2017 11:21:07 UTC] PHP Stack trace:
[06-Jul-2017 11:21:07 UTC] PHP   1. {main}() /home/ubuntu/workspace/php/testlogin/login.php:0
[06-Jul-2017 11:21:07 UTC] PHP   2. mysqli_num_rows() /home/ubuntu/workspace/php/testlogin/login.php:22
[06-Jul-2017 11:21:28 UTC] PHP Warning:  mysqli_num_rows() expects parameter 1 to be mysqli_result, null given in /home/ubuntu/workspace/php/testlogin/login.php on line 22
[06-Jul-2017 11:21:28 UTC] PHP Stack trace:
[06-Jul-2017 11:21:28 UTC] PHP   1. {main}() /home/ubuntu/workspace/php/testlogin/login.php:0
[06-Jul-2017 11:21:28 UTC] PHP   2. mysqli_num_rows() /home/ubuntu/workspace/php/testlogin/login.php:22
[06-Jul-2017 11:30:01 UTC] PHP Warning:  mysqli_num_rows() expects parameter 1 to be mysqli_result, null given in /home/ubuntu/workspace/php/testlogin/login.php on line 22
[06-Jul-2017 11:30:01 UTC] PHP Stack trace:
[06-Jul-2017 11:30:01 UTC] PHP   1. {main}() /home/ubuntu/workspace/php/testlogin/login.php:0
[06-Jul-2017 11:30:01 UTC] PHP   2. mysqli_num_rows() /home/ubuntu/workspace/php/testlogin/login.php:22
[06-Jul-2017 11:32:32 UTC] PHP Warning:  mysqli_num_rows() expects parameter 1 to be mysqli_result, null given in /home/ubuntu/workspace/php/testlogin/login.php on line 22
[06-Jul-2017 11:32:32 UTC] PHP Stack trace:
[06-Jul-2017 11:32:32 UTC] PHP   1. {main}() /home/ubuntu/workspace/php/testlogin/login.php:0
[06-Jul-2017 11:32:32 UTC] PHP   2. mysqli_num_rows() /home/ubuntu/workspace/php/testlogin/login.php:22
[06-Jul-2017 12:47:18 UTC] PHP Fatal error:  Call to undefined function upper() in /home/ubuntu/workspace/php/usr/registration.php on line 14
[06-Jul-2017 12:47:18 UTC] PHP Stack trace:
[06-Jul-2017 12:47:18 UTC] PHP   1. {main}() /home/ubuntu/workspace/php/usr/registration.php:0
[06-Jul-2017 13:29:35 UTC] PHP Fatal error:  Function name must be a string in /home/ubuntu/workspace/php/usr/index.php on line 14
[06-Jul-2017 13:29:35 UTC] PHP Stack trace:
[06-Jul-2017 13:29:35 UTC] PHP   1. {main}() /home/ubuntu/workspace/php/usr/index.php:0
[08-Jul-2017 15:42:43 UTC] PHP Warning:  include(database/db_conection.php): failed to open stream: No such file or directory in /home/ubuntu/workspace/php/usr2/Login.php on line 61
[08-Jul-2017 15:42:43 UTC] PHP Stack trace:
[08-Jul-2017 15:42:43 UTC] PHP   1. {main}() /home/ubuntu/workspace/php/usr2/Login.php:0
[08-Jul-2017 15:42:43 UTC] PHP Warning:  include(): Failed opening 'database/db_conection.php' for inclusion (include_path='.:/usr/share/php:/usr/share/pear') in /home/ubuntu/workspace/php/usr2/Login.php on line 61
[08-Jul-2017 15:42:43 UTC] PHP Stack trace:
[08-Jul-2017 15:42:43 UTC] PHP   1. {main}() /home/ubuntu/workspace/php/usr2/Login.php:0
[08-Jul-2017 15:51:40 UTC] PHP Warning:  mysqli_num_rows() expects parameter 1 to be mysqli_result, boolean given in /home/ubuntu/workspace/php/usr2/login.php on line 72
[08-Jul-2017 15:51:40 UTC] PHP Stack trace:
[08-Jul-2017 15:51:40 UTC] PHP   1. {main}() /home/ubuntu/workspace/php/usr2/login.php:0
[08-Jul-2017 15:51:40 UTC] PHP   2. mysqli_num_rows() /home/ubuntu/workspace/php/usr2/login.php:72
[08-Jul-2017 15:51:48 UTC] PHP Warning:  mysqli_num_rows() expects parameter 1 to be mysqli_result, boolean given in /home/ubuntu/workspace/php/usr2/login.php on line 72
[08-Jul-2017 15:51:49 UTC] PHP Stack trace:
[08-Jul-2017 15:51:49 UTC] PHP   1. {main}() /home/ubuntu/workspace/php/usr2/login.php:0
[08-Jul-2017 15:51:49 UTC] PHP   2. mysqli_num_rows() /home/ubuntu/workspace/php/usr2/login.php:72
[08-Jul-2017 15:52:36 UTC] PHP Warning:  mysqli_num_rows() expects parameter 1 to be mysqli_result, boolean given in /home/ubuntu/workspace/php/usr2/login.php on line 72
[08-Jul-2017 15:52:36 UTC] PHP Stack trace:
[08-Jul-2017 15:52:36 UTC] PHP   1. {main}() /home/ubuntu/workspace/php/usr2/login.php:0
[08-Jul-2017 15:52:36 UTC] PHP   2. mysqli_num_rows() /home/ubuntu/workspace/php/usr2/login.php:72
[08-Jul-2017 15:52:41 UTC] PHP Warning:  mysqli_num_rows() expects parameter 1 to be mysqli_result, boolean given in /home/ubuntu/workspace/php/usr2/login.php on line 72
[08-Jul-2017 15:52:41 UTC] PHP Stack trace:
[08-Jul-2017 15:52:41 UTC] PHP   1. {main}() /home/ubuntu/workspace/php/usr2/login.php:0
[08-Jul-2017 15:52:41 UTC] PHP   2. mysqli_num_rows() /home/ubuntu/workspace/php/usr2/login.php:72
[08-Jul-2017 15:52:47 UTC] PHP Warning:  mysqli_num_rows() expects parameter 1 to be mysqli_result, boolean given in /home/ubuntu/workspace/php/usr2/login.php on line 72
[08-Jul-2017 15:52:47 UTC] PHP Stack trace:
[08-Jul-2017 15:52:47 UTC] PHP   1. {main}() /home/ubuntu/workspace/php/usr2/login.php:0
[08-Jul-2017 15:52:47 UTC] PHP   2. mysqli_num_rows() /home/ubuntu/workspace/php/usr2/login.php:72
[08-Jul-2017 17:59:51 UTC] PHP Parse error:  syntax error, unexpected end of file in /home/ubuntu/workspace/php/usr/registration.php on line 53
[10-Jul-2017 16:07:26 UTC] PHP Warning:  mysqli_connect(): (HY000/2002): Connection refused in /home/ubuntu/workspace/php/work3/lib/databaseHelper.php on line 6
[10-Jul-2017 16:07:26 UTC] PHP Stack trace:
[10-Jul-2017 16:07:26 UTC] PHP   1. {main}() /home/ubuntu/workspace/php/work3/work3.php:0
[10-Jul-2017 16:07:26 UTC] PHP   2. require_once() /home/ubuntu/workspace/php/work3/work3.php:2
[10-Jul-2017 16:07:26 UTC] PHP   3. databaseConnect() /home/ubuntu/workspace/php/work3/config/general.php:9
[10-Jul-2017 16:07:26 UTC] PHP   4. mysqli_connect() /home/ubuntu/workspace/php/work3/lib/databaseHelper.php:6
[11-Jul-2017 06:26:51 UTC] PHP Warning:  mysqli_connect(): (HY000/1049): Unknown database 'bazar_online_shop' in /home/ubuntu/workspace/php/work3/lib/databaseHelper.php on line 6
[11-Jul-2017 06:26:51 UTC] PHP Stack trace:
[11-Jul-2017 06:26:51 UTC] PHP   1. {main}() /home/ubuntu/workspace/php/work3/work3.php:0
[11-Jul-2017 06:26:51 UTC] PHP   2. require_once() /home/ubuntu/workspace/php/work3/work3.php:2
[11-Jul-2017 06:26:51 UTC] PHP   3. databaseConnect() /home/ubuntu/workspace/php/work3/config/general.php:9
[11-Jul-2017 06:26:51 UTC] PHP   4. mysqli_connect() /home/ubuntu/workspace/php/work3/lib/databaseHelper.php:6
[11-Jul-2017 12:05:15 UTC] PHP Warning:  Division by zero in /home/ubuntu/workspace/php/work3/work3.php on line 10
[11-Jul-2017 12:05:15 UTC] PHP Stack trace:
[11-Jul-2017 12:05:15 UTC] PHP   1. {main}() /home/ubuntu/workspace/php/work3/work3.php:0
[11-Jul-2017 12:05:15 UTC] PHP Warning:  Division by zero in /home/ubuntu/workspace/php/work3/work3.php on line 10
[11-Jul-2017 12:05:15 UTC] PHP Stack trace:
[11-Jul-2017 12:05:15 UTC] PHP   1. {main}() /home/ubuntu/workspace/php/work3/work3.php:0
[11-Jul-2017 12:05:15 UTC] PHP Warning:  Division by zero in /home/ubuntu/workspace/php/work3/work3.php on line 10
[11-Jul-2017 12:05:15 UTC] PHP Stack trace:
[11-Jul-2017 12:05:15 UTC] PHP   1. {main}() /home/ubuntu/workspace/php/work3/work3.php:0
[11-Jul-2017 12:05:15 UTC] PHP Warning:  Division by zero in /home/ubuntu/workspace/php/work3/work3.php on line 10
[11-Jul-2017 12:05:15 UTC] PHP Stack trace:
[11-Jul-2017 12:05:15 UTC] PHP   1. {main}() /home/ubuntu/workspace/php/work3/work3.php:0
[11-Jul-2017 12:05:28 UTC] PHP Warning:  Division by zero in /home/ubuntu/workspace/php/work3/work3.php on line 10
[11-Jul-2017 12:05:28 UTC] PHP Stack trace:
[11-Jul-2017 12:05:28 UTC] PHP   1. {main}() /home/ubuntu/workspace/php/work3/work3.php:0
[11-Jul-2017 12:05:28 UTC] PHP Warning:  Division by zero in /home/ubuntu/workspace/php/work3/work3.php on line 10
[11-Jul-2017 12:05:28 UTC] PHP Stack trace:
[11-Jul-2017 12:05:28 UTC] PHP   1. {main}() /home/ubuntu/workspace/php/work3/work3.php:0
[11-Jul-2017 12:05:28 UTC] PHP Warning:  Division by zero in /home/ubuntu/workspace/php/work3/work3.php on line 10
[11-Jul-2017 12:05:28 UTC] PHP Stack trace:
[11-Jul-2017 12:05:28 UTC] PHP   1. {main}() /home/ubuntu/workspace/php/work3/work3.php:0
[11-Jul-2017 12:05:28 UTC] PHP Warning:  Division by zero in /home/ubuntu/workspace/php/work3/work3.php on line 10
[11-Jul-2017 12:05:28 UTC] PHP Stack trace:
[11-Jul-2017 12:05:28 UTC] PHP   1. {main}() /home/ubuntu/workspace/php/work3/work3.php:0
